{"C:\\Users\\andy\\Desktop\\Project\\server\\index.js":{"path":"C:\\Users\\andy\\Desktop\\Project\\server\\index.js","statementMap":{"0":{"start":{"line":2,"column":0},"end":{"line":2,"column":27}},"1":{"start":{"line":3,"column":16},"end":{"line":3,"column":34}},"2":{"start":{"line":4,"column":17},"end":{"line":4,"column":36}},"3":{"start":{"line":5,"column":19},"end":{"line":5,"column":41}},"4":{"start":{"line":6,"column":13},"end":{"line":6,"column":28}},"5":{"start":{"line":7,"column":17},"end":{"line":7,"column":36}},"6":{"start":{"line":9,"column":18},"end":{"line":9,"column":52}},"7":{"start":{"line":10,"column":22},"end":{"line":10,"column":58}},"8":{"start":{"line":12,"column":0},"end":{"line":17,"column":4}},"9":{"start":{"line":16,"column":4},"end":{"line":16,"column":40}},"10":{"start":{"line":19,"column":12},"end":{"line":19,"column":21}},"11":{"start":{"line":21,"column":0},"end":{"line":27,"column":3}},"12":{"start":{"line":22,"column":2},"end":{"line":22,"column":49}},"13":{"start":{"line":23,"column":2},"end":{"line":23,"column":74}},"14":{"start":{"line":24,"column":2},"end":{"line":24,"column":61}},"15":{"start":{"line":25,"column":2},"end":{"line":25,"column":62}},"16":{"start":{"line":26,"column":2},"end":{"line":26,"column":9}},"17":{"start":{"line":29,"column":13},"end":{"line":29,"column":37}},"18":{"start":{"line":31,"column":0},"end":{"line":31,"column":16}},"19":{"start":{"line":33,"column":0},"end":{"line":33,"column":31}},"20":{"start":{"line":34,"column":0},"end":{"line":34,"column":28}},"21":{"start":{"line":36,"column":0},"end":{"line":36,"column":44}},"22":{"start":{"line":38,"column":0},"end":{"line":38,"column":64}},"23":{"start":{"line":40,"column":0},"end":{"line":40,"column":27}},"24":{"start":{"line":42,"column":0},"end":{"line":42,"column":54}},"25":{"start":{"line":42,"column":27},"end":{"line":42,"column":52}},"26":{"start":{"line":43,"column":15},"end":{"line":43,"column":87}},"27":{"start":{"line":43,"column":38},"end":{"line":43,"column":86}},"28":{"start":{"line":45,"column":0},"end":{"line":45,"column":21}}},"fnMap":{"0":{"name":"(anonymous_0)","decl":{"start":{"line":15,"column":8},"end":{"line":15,"column":9}},"loc":{"start":{"line":15,"column":14},"end":{"line":17,"column":3}},"line":15},"1":{"name":"(anonymous_1)","decl":{"start":{"line":21,"column":8},"end":{"line":21,"column":9}},"loc":{"start":{"line":21,"column":33},"end":{"line":27,"column":1}},"line":21},"2":{"name":"(anonymous_2)","decl":{"start":{"line":42,"column":13},"end":{"line":42,"column":14}},"loc":{"start":{"line":42,"column":27},"end":{"line":42,"column":52}},"line":42},"3":{"name":"(anonymous_3)","decl":{"start":{"line":43,"column":32},"end":{"line":43,"column":33}},"loc":{"start":{"line":43,"column":38},"end":{"line":43,"column":86}},"line":43}},"branchMap":{"0":{"loc":{"start":{"line":29,"column":13},"end":{"line":29,"column":37}},"type":"binary-expr","locations":[{"start":{"line":29,"column":13},"end":{"line":29,"column":29}},{"start":{"line":29,"column":33},"end":{"line":29,"column":37}}],"line":29}},"s":{"0":1,"1":1,"2":1,"3":1,"4":1,"5":1,"6":1,"7":1,"8":1,"9":0,"10":1,"11":1,"12":34,"13":34,"14":34,"15":34,"16":34,"17":1,"18":1,"19":1,"20":1,"21":1,"22":1,"23":1,"24":1,"25":0,"26":1,"27":1,"28":1},"f":{"0":0,"1":34,"2":0,"3":1},"b":{"0":[1,0]},"_coverageSchema":"43e27e138ebf9cfc5966b082cf9a028302ed4184","hash":"c9368d6e72f489ab453eca1f3e5d1a79da2d11ae","contentHash":"90717552ca4c9b849e6fdeeb82f89733ec30dcbadb005e509ea942885949b548"},"C:\\Users\\andy\\Desktop\\Project\\server\\api\\routes\\api-routes.js":{"path":"C:\\Users\\andy\\Desktop\\Project\\server\\api\\routes\\api-routes.js","statementMap":{"0":{"start":{"line":1,"column":16},"end":{"line":1,"column":34}},"1":{"start":{"line":2,"column":19},"end":{"line":2,"column":43}},"2":{"start":{"line":3,"column":24},"end":{"line":3,"column":55}},"3":{"start":{"line":4,"column":22},"end":{"line":4,"column":49}},"4":{"start":{"line":5,"column":18},"end":{"line":5,"column":54}},"5":{"start":{"line":6,"column":19},"end":{"line":6,"column":43}},"6":{"start":{"line":7,"column":19},"end":{"line":7,"column":43}},"7":{"start":{"line":8,"column":18},"end":{"line":8,"column":54}},"8":{"start":{"line":10,"column":15},"end":{"line":10,"column":35}},"9":{"start":{"line":12,"column":0},"end":{"line":12,"column":32}},"10":{"start":{"line":13,"column":0},"end":{"line":13,"column":43}},"11":{"start":{"line":14,"column":0},"end":{"line":14,"column":49}},"12":{"start":{"line":15,"column":0},"end":{"line":15,"column":55}},"13":{"start":{"line":16,"column":0},"end":{"line":16,"column":42}},"14":{"start":{"line":18,"column":0},"end":{"line":18,"column":24}}},"fnMap":{},"branchMap":{},"s":{"0":1,"1":1,"2":1,"3":1,"4":1,"5":1,"6":1,"7":1,"8":1,"9":1,"10":1,"11":1,"12":1,"13":1,"14":1},"f":{},"b":{},"_coverageSchema":"43e27e138ebf9cfc5966b082cf9a028302ed4184","hash":"bd3815fefc2fbff36438d73b9b27977892ef32eb","contentHash":"8f4bb5b4767244d9ee61ba36d2f188890bad52496dbe0867d5d66dc301974837"},"C:\\Users\\andy\\Desktop\\Project\\server\\api\\routes\\auth-routes.js":{"path":"C:\\Users\\andy\\Desktop\\Project\\server\\api\\routes\\auth-routes.js","statementMap":{"0":{"start":{"line":1,"column":16},"end":{"line":1,"column":34}},"1":{"start":{"line":2,"column":17},"end":{"line":2,"column":36}},"2":{"start":{"line":3,"column":23},"end":{"line":3,"column":64}},"3":{"start":{"line":4,"column":33},"end":{"line":4,"column":85}},"4":{"start":{"line":6,"column":15},"end":{"line":6,"column":35}},"5":{"start":{"line":8,"column":16},"end":{"line":8,"column":63}},"6":{"start":{"line":10,"column":0},"end":{"line":10,"column":46}},"7":{"start":{"line":12,"column":0},"end":{"line":12,"column":46}},"8":{"start":{"line":14,"column":0},"end":{"line":14,"column":54}},"9":{"start":{"line":16,"column":0},"end":{"line":16,"column":73}},"10":{"start":{"line":18,"column":0},"end":{"line":18,"column":71}},"11":{"start":{"line":20,"column":0},"end":{"line":23,"column":2}},"12":{"start":{"line":25,"column":0},"end":{"line":31,"column":2}},"13":{"start":{"line":33,"column":0},"end":{"line":36,"column":2}},"14":{"start":{"line":38,"column":0},"end":{"line":44,"column":2}},"15":{"start":{"line":46,"column":0},"end":{"line":49,"column":2}},"16":{"start":{"line":51,"column":0},"end":{"line":57,"column":2}},"17":{"start":{"line":59,"column":0},"end":{"line":59,"column":24}}},"fnMap":{},"branchMap":{"0":{"loc":{"start":{"line":8,"column":16},"end":{"line":8,"column":63}},"type":"binary-expr","locations":[{"start":{"line":8,"column":16},"end":{"line":8,"column":36}},{"start":{"line":8,"column":40},"end":{"line":8,"column":63}}],"line":8}},"s":{"0":1,"1":1,"2":1,"3":1,"4":1,"5":1,"6":1,"7":1,"8":1,"9":1,"10":1,"11":1,"12":1,"13":1,"14":1,"15":1,"16":1,"17":1},"f":{},"b":{"0":[1,1]},"_coverageSchema":"43e27e138ebf9cfc5966b082cf9a028302ed4184","hash":"6f68905beb6e8186d07544b144661c66ad16983b","contentHash":"677dba1936a5afe49d6f74deddea5c9facc14188efdb136243411e8d9865e670"},"C:\\Users\\andy\\Desktop\\Project\\server\\api\\controllers\\auth-controller.js":{"path":"C:\\Users\\andy\\Desktop\\Project\\server\\api\\controllers\\auth-controller.js","statementMap":{"0":{"start":{"line":1,"column":12},"end":{"line":1,"column":35}},"1":{"start":{"line":2,"column":15},"end":{"line":2,"column":34}},"2":{"start":{"line":3,"column":27},"end":{"line":3,"column":58}},"3":{"start":{"line":5,"column":16},"end":{"line":5,"column":63}},"4":{"start":{"line":7,"column":15},"end":{"line":40,"column":1}},"5":{"start":{"line":8,"column":2},"end":{"line":39,"column":3}},"6":{"start":{"line":9,"column":22},"end":{"line":9,"column":40}},"7":{"start":{"line":10,"column":4},"end":{"line":10,"column":82}},"8":{"start":{"line":10,"column":15},"end":{"line":10,"column":82}},"9":{"start":{"line":12,"column":63},"end":{"line":12,"column":71}},"10":{"start":{"line":13,"column":4},"end":{"line":15,"column":5}},"11":{"start":{"line":14,"column":6},"end":{"line":14,"column":78}},"12":{"start":{"line":17,"column":15},"end":{"line":17,"column":47}},"13":{"start":{"line":18,"column":4},"end":{"line":18,"column":100}},"14":{"start":{"line":18,"column":14},"end":{"line":18,"column":100}},"15":{"start":{"line":20,"column":4},"end":{"line":20,"column":41}},"16":{"start":{"line":21,"column":4},"end":{"line":21,"column":97}},"17":{"start":{"line":21,"column":14},"end":{"line":21,"column":97}},"18":{"start":{"line":23,"column":4},"end":{"line":23,"column":72}},"19":{"start":{"line":25,"column":17},"end":{"line":25,"column":39}},"20":{"start":{"line":26,"column":4},"end":{"line":26,"column":58}},"21":{"start":{"line":27,"column":4},"end":{"line":27,"column":22}},"22":{"start":{"line":29,"column":18},"end":{"line":29,"column":42}},"23":{"start":{"line":30,"column":4},"end":{"line":36,"column":9}},"24":{"start":{"line":38,"column":4},"end":{"line":38,"column":30}},"25":{"start":{"line":42,"column":15},"end":{"line":65,"column":1}},"26":{"start":{"line":43,"column":2},"end":{"line":64,"column":3}},"27":{"start":{"line":44,"column":32},"end":{"line":44,"column":40}},"28":{"start":{"line":45,"column":4},"end":{"line":45,"column":106}},"29":{"start":{"line":45,"column":29},"end":{"line":45,"column":106}},"30":{"start":{"line":46,"column":15},"end":{"line":46,"column":44}},"31":{"start":{"line":47,"column":4},"end":{"line":47,"column":86}},"32":{"start":{"line":47,"column":15},"end":{"line":47,"column":86}},"33":{"start":{"line":49,"column":26},"end":{"line":49,"column":75}},"34":{"start":{"line":50,"column":4},"end":{"line":50,"column":95}},"35":{"start":{"line":50,"column":24},"end":{"line":50,"column":95}},"36":{"start":{"line":52,"column":4},"end":{"line":53,"column":93}},"37":{"start":{"line":53,"column":6},"end":{"line":53,"column":93}},"38":{"start":{"line":55,"column":4},"end":{"line":55,"column":23}},"39":{"start":{"line":56,"column":18},"end":{"line":56,"column":42}},"40":{"start":{"line":58,"column":4},"end":{"line":61,"column":22}},"41":{"start":{"line":63,"column":4},"end":{"line":63,"column":30}},"42":{"start":{"line":67,"column":21},"end":{"line":78,"column":1}},"43":{"start":{"line":68,"column":2},"end":{"line":77,"column":3}},"44":{"start":{"line":69,"column":18},"end":{"line":69,"column":45}},"45":{"start":{"line":70,"column":4},"end":{"line":70,"column":77}},"46":{"start":{"line":70,"column":16},"end":{"line":70,"column":77}},"47":{"start":{"line":71,"column":17},"end":{"line":71,"column":55}},"48":{"start":{"line":73,"column":17},"end":{"line":73,"column":65}},"49":{"start":{"line":74,"column":4},"end":{"line":74,"column":31}},"50":{"start":{"line":76,"column":4},"end":{"line":76,"column":30}},"51":{"start":{"line":80,"column":19},"end":{"line":92,"column":1}},"52":{"start":{"line":81,"column":2},"end":{"line":91,"column":3}},"53":{"start":{"line":82,"column":15},"end":{"line":82,"column":40}},"54":{"start":{"line":83,"column":17},"end":{"line":83,"column":40}},"55":{"start":{"line":84,"column":4},"end":{"line":84,"column":66}},"56":{"start":{"line":84,"column":24},"end":{"line":84,"column":66}},"57":{"start":{"line":86,"column":18},"end":{"line":86,"column":42}},"58":{"start":{"line":88,"column":4},"end":{"line":88,"column":70}},"59":{"start":{"line":90,"column":4},"end":{"line":90,"column":30}},"60":{"start":{"line":94,"column":0},"end":{"line":94,"column":62}}},"fnMap":{"0":{"name":"(anonymous_0)","decl":{"start":{"line":7,"column":15},"end":{"line":7,"column":16}},"loc":{"start":{"line":7,"column":35},"end":{"line":40,"column":1}},"line":7},"1":{"name":"(anonymous_1)","decl":{"start":{"line":42,"column":15},"end":{"line":42,"column":16}},"loc":{"start":{"line":42,"column":35},"end":{"line":65,"column":1}},"line":42},"2":{"name":"(anonymous_2)","decl":{"start":{"line":67,"column":21},"end":{"line":67,"column":22}},"loc":{"start":{"line":67,"column":41},"end":{"line":78,"column":1}},"line":67},"3":{"name":"(anonymous_3)","decl":{"start":{"line":80,"column":19},"end":{"line":80,"column":20}},"loc":{"start":{"line":80,"column":39},"end":{"line":92,"column":1}},"line":80}},"branchMap":{"0":{"loc":{"start":{"line":5,"column":16},"end":{"line":5,"column":63}},"type":"binary-expr","locations":[{"start":{"line":5,"column":16},"end":{"line":5,"column":36}},{"start":{"line":5,"column":40},"end":{"line":5,"column":63}}],"line":5},"1":{"loc":{"start":{"line":10,"column":4},"end":{"line":10,"column":82}},"type":"if","locations":[{"start":{"line":10,"column":4},"end":{"line":10,"column":82}},{"start":{"line":10,"column":4},"end":{"line":10,"column":82}}],"line":10},"2":{"loc":{"start":{"line":13,"column":4},"end":{"line":15,"column":5}},"type":"if","locations":[{"start":{"line":13,"column":4},"end":{"line":15,"column":5}},{"start":{"line":13,"column":4},"end":{"line":15,"column":5}}],"line":13},"3":{"loc":{"start":{"line":13,"column":8},"end":{"line":13,"column":67}},"type":"binary-expr","locations":[{"start":{"line":13,"column":8},"end":{"line":13,"column":14}},{"start":{"line":13,"column":18},"end":{"line":13,"column":27}},{"start":{"line":13,"column":31},"end":{"line":13,"column":40}},{"start":{"line":13,"column":44},"end":{"line":13,"column":54}},{"start":{"line":13,"column":58},"end":{"line":13,"column":67}}],"line":13},"4":{"loc":{"start":{"line":18,"column":4},"end":{"line":18,"column":100}},"type":"if","locations":[{"start":{"line":18,"column":4},"end":{"line":18,"column":100}},{"start":{"line":18,"column":4},"end":{"line":18,"column":100}}],"line":18},"5":{"loc":{"start":{"line":21,"column":4},"end":{"line":21,"column":97}},"type":"if","locations":[{"start":{"line":21,"column":4},"end":{"line":21,"column":97}},{"start":{"line":21,"column":4},"end":{"line":21,"column":97}}],"line":21},"6":{"loc":{"start":{"line":45,"column":4},"end":{"line":45,"column":106}},"type":"if","locations":[{"start":{"line":45,"column":4},"end":{"line":45,"column":106}},{"start":{"line":45,"column":4},"end":{"line":45,"column":106}}],"line":45},"7":{"loc":{"start":{"line":45,"column":8},"end":{"line":45,"column":27}},"type":"binary-expr","locations":[{"start":{"line":45,"column":8},"end":{"line":45,"column":14}},{"start":{"line":45,"column":18},"end":{"line":45,"column":27}}],"line":45},"8":{"loc":{"start":{"line":47,"column":4},"end":{"line":47,"column":86}},"type":"if","locations":[{"start":{"line":47,"column":4},"end":{"line":47,"column":86}},{"start":{"line":47,"column":4},"end":{"line":47,"column":86}}],"line":47},"9":{"loc":{"start":{"line":50,"column":4},"end":{"line":50,"column":95}},"type":"if","locations":[{"start":{"line":50,"column":4},"end":{"line":50,"column":95}},{"start":{"line":50,"column":4},"end":{"line":50,"column":95}}],"line":50},"10":{"loc":{"start":{"line":52,"column":4},"end":{"line":53,"column":93}},"type":"if","locations":[{"start":{"line":52,"column":4},"end":{"line":53,"column":93}},{"start":{"line":52,"column":4},"end":{"line":53,"column":93}}],"line":52},"11":{"loc":{"start":{"line":70,"column":4},"end":{"line":70,"column":77}},"type":"if","locations":[{"start":{"line":70,"column":4},"end":{"line":70,"column":77}},{"start":{"line":70,"column":4},"end":{"line":70,"column":77}}],"line":70},"12":{"loc":{"start":{"line":84,"column":4},"end":{"line":84,"column":66}},"type":"if","locations":[{"start":{"line":84,"column":4},"end":{"line":84,"column":66}},{"start":{"line":84,"column":4},"end":{"line":84,"column":66}}],"line":84}},"s":{"0":1,"1":1,"2":1,"3":1,"4":1,"5":5,"6":5,"7":5,"8":1,"9":4,"10":4,"11":1,"12":3,"13":3,"14":1,"15":2,"16":2,"17":1,"18":1,"19":1,"20":1,"21":1,"22":1,"23":1,"24":0,"25":1,"26":5,"27":5,"28":5,"29":1,"30":4,"31":4,"32":1,"33":3,"34":3,"35":1,"36":2,"37":1,"38":1,"39":1,"40":1,"41":0,"42":1,"43":3,"44":3,"45":3,"46":1,"47":2,"48":2,"49":1,"50":1,"51":1,"52":0,"53":0,"54":0,"55":0,"56":0,"57":0,"58":0,"59":0,"60":1},"f":{"0":5,"1":5,"2":3,"3":0},"b":{"0":[1,1],"1":[1,4],"2":[1,3],"3":[4,3,3,3,3],"4":[1,2],"5":[1,1],"6":[1,4],"7":[5,5],"8":[1,3],"9":[1,2],"10":[1,1],"11":[1,2],"12":[0,0]},"_coverageSchema":"43e27e138ebf9cfc5966b082cf9a028302ed4184","hash":"e35b022a38135d67ed60041d91fa06090d065296","contentHash":"4be9a2b5453524d368d93d1b2befde38027bc61121c75a101b784f8e6a5a8737"},"C:\\Users\\andy\\Desktop\\Project\\server\\api\\models\\user-model.js":{"path":"C:\\Users\\andy\\Desktop\\Project\\server\\api\\models\\user-model.js","statementMap":{"0":{"start":{"line":1,"column":17},"end":{"line":1,"column":36}},"1":{"start":{"line":2,"column":22},"end":{"line":2,"column":58}},"2":{"start":{"line":3,"column":12},"end":{"line":3,"column":35}},"3":{"start":{"line":4,"column":12},"end":{"line":4,"column":26}},"4":{"start":{"line":6,"column":18},"end":{"line":6,"column":19}},"5":{"start":{"line":7,"column":18},"end":{"line":7,"column":20}},"6":{"start":{"line":9,"column":19},"end":{"line":26,"column":1}},"7":{"start":{"line":28,"column":0},"end":{"line":28,"column":35}},"8":{"start":{"line":30,"column":0},"end":{"line":39,"column":2}},"9":{"start":{"line":31,"column":16},"end":{"line":37,"column":3}},"10":{"start":{"line":38,"column":2},"end":{"line":38,"column":15}},"11":{"start":{"line":41,"column":13},"end":{"line":41,"column":47}},"12":{"start":{"line":43,"column":17},"end":{"line":64,"column":1}},"13":{"start":{"line":44,"column":17},"end":{"line":62,"column":3}},"14":{"start":{"line":63,"column":2},"end":{"line":63,"column":36}},"15":{"start":{"line":66,"column":0},"end":{"line":66,"column":36}}},"fnMap":{"0":{"name":"(anonymous_0)","decl":{"start":{"line":30,"column":39},"end":{"line":30,"column":40}},"loc":{"start":{"line":30,"column":68},"end":{"line":39,"column":1}},"line":30},"1":{"name":"(anonymous_1)","decl":{"start":{"line":43,"column":17},"end":{"line":43,"column":18}},"loc":{"start":{"line":43,"column":25},"end":{"line":64,"column":1}},"line":43}},"branchMap":{"0":{"loc":{"start":{"line":30,"column":48},"end":{"line":30,"column":66}},"type":"default-arg","locations":[{"start":{"line":30,"column":61},"end":{"line":30,"column":66}}],"line":30}},"s":{"0":1,"1":1,"2":1,"3":1,"4":1,"5":1,"6":1,"7":1,"8":1,"9":1,"10":1,"11":1,"12":1,"13":10,"14":10,"15":1},"f":{"0":1,"1":10},"b":{"0":[1]},"_coverageSchema":"43e27e138ebf9cfc5966b082cf9a028302ed4184","hash":"7c070a8c6d9bd6f7f9498a51048ee42a63f52889","contentHash":"e48f317c56a3ca3b8eeb025cb982047b2da39a913b016b9f5408c78c92cc582c"},"C:\\Users\\andy\\Desktop\\Project\\server\\api\\controllers\\forgot-password-controller.js":{"path":"C:\\Users\\andy\\Desktop\\Project\\server\\api\\controllers\\forgot-password-controller.js","statementMap":{"0":{"start":{"line":1,"column":12},"end":{"line":1,"column":35}},"1":{"start":{"line":2,"column":15},"end":{"line":2,"column":34}},"2":{"start":{"line":3,"column":18},"end":{"line":3,"column":48}},"3":{"start":{"line":4,"column":17},"end":{"line":4,"column":48}},"4":{"start":{"line":5,"column":32},"end":{"line":5,"column":67}},"5":{"start":{"line":7,"column":16},"end":{"line":7,"column":63}},"6":{"start":{"line":9,"column":23},"end":{"line":33,"column":1}},"7":{"start":{"line":10,"column":2},"end":{"line":32,"column":3}},"8":{"start":{"line":11,"column":22},"end":{"line":11,"column":30}},"9":{"start":{"line":13,"column":4},"end":{"line":13,"column":79}},"10":{"start":{"line":13,"column":16},"end":{"line":13,"column":79}},"11":{"start":{"line":15,"column":17},"end":{"line":15,"column":46}},"12":{"start":{"line":17,"column":4},"end":{"line":17,"column":97}},"13":{"start":{"line":17,"column":15},"end":{"line":17,"column":97}},"14":{"start":{"line":18,"column":4},"end":{"line":18,"column":158}},"15":{"start":{"line":18,"column":24},"end":{"line":18,"column":158}},"16":{"start":{"line":19,"column":4},"end":{"line":19,"column":125}},"17":{"start":{"line":19,"column":24},"end":{"line":19,"column":125}},"18":{"start":{"line":21,"column":18},"end":{"line":21,"column":47}},"19":{"start":{"line":23,"column":29},"end":{"line":23,"column":86}},"20":{"start":{"line":25,"column":4},"end":{"line":26,"column":51}},"21":{"start":{"line":28,"column":4},"end":{"line":28,"column":81}},"22":{"start":{"line":31,"column":4},"end":{"line":31,"column":30}},"23":{"start":{"line":35,"column":22},"end":{"line":61,"column":1}},"24":{"start":{"line":36,"column":2},"end":{"line":60,"column":3}},"25":{"start":{"line":37,"column":49},"end":{"line":37,"column":57}},"26":{"start":{"line":39,"column":4},"end":{"line":39,"column":127}},"27":{"start":{"line":39,"column":39},"end":{"line":39,"column":127}},"28":{"start":{"line":40,"column":4},"end":{"line":40,"column":106}},"29":{"start":{"line":40,"column":38},"end":{"line":40,"column":106}},"30":{"start":{"line":42,"column":19},"end":{"line":42,"column":60}},"31":{"start":{"line":44,"column":17},"end":{"line":44,"column":44}},"32":{"start":{"line":46,"column":4},"end":{"line":46,"column":159}},"33":{"start":{"line":46,"column":24},"end":{"line":46,"column":159}},"34":{"start":{"line":48,"column":17},"end":{"line":48,"column":39}},"35":{"start":{"line":49,"column":24},"end":{"line":49,"column":55}},"36":{"start":{"line":51,"column":4},"end":{"line":51,"column":78}},"37":{"start":{"line":52,"column":4},"end":{"line":52,"column":59}},"38":{"start":{"line":55,"column":4},"end":{"line":59,"column":5}},"39":{"start":{"line":56,"column":6},"end":{"line":56,"column":69}},"40":{"start":{"line":58,"column":6},"end":{"line":58,"column":39}},"41":{"start":{"line":63,"column":0},"end":{"line":63,"column":51}}},"fnMap":{"0":{"name":"(anonymous_0)","decl":{"start":{"line":9,"column":23},"end":{"line":9,"column":24}},"loc":{"start":{"line":9,"column":43},"end":{"line":33,"column":1}},"line":9},"1":{"name":"(anonymous_1)","decl":{"start":{"line":35,"column":22},"end":{"line":35,"column":23}},"loc":{"start":{"line":35,"column":42},"end":{"line":61,"column":1}},"line":35}},"branchMap":{"0":{"loc":{"start":{"line":7,"column":16},"end":{"line":7,"column":63}},"type":"binary-expr","locations":[{"start":{"line":7,"column":16},"end":{"line":7,"column":36}},{"start":{"line":7,"column":40},"end":{"line":7,"column":63}}],"line":7},"1":{"loc":{"start":{"line":13,"column":4},"end":{"line":13,"column":79}},"type":"if","locations":[{"start":{"line":13,"column":4},"end":{"line":13,"column":79}},{"start":{"line":13,"column":4},"end":{"line":13,"column":79}}],"line":13},"2":{"loc":{"start":{"line":17,"column":4},"end":{"line":17,"column":97}},"type":"if","locations":[{"start":{"line":17,"column":4},"end":{"line":17,"column":97}},{"start":{"line":17,"column":4},"end":{"line":17,"column":97}}],"line":17},"3":{"loc":{"start":{"line":18,"column":4},"end":{"line":18,"column":158}},"type":"if","locations":[{"start":{"line":18,"column":4},"end":{"line":18,"column":158}},{"start":{"line":18,"column":4},"end":{"line":18,"column":158}}],"line":18},"4":{"loc":{"start":{"line":19,"column":4},"end":{"line":19,"column":125}},"type":"if","locations":[{"start":{"line":19,"column":4},"end":{"line":19,"column":125}},{"start":{"line":19,"column":4},"end":{"line":19,"column":125}}],"line":19},"5":{"loc":{"start":{"line":39,"column":4},"end":{"line":39,"column":127}},"type":"if","locations":[{"start":{"line":39,"column":4},"end":{"line":39,"column":127}},{"start":{"line":39,"column":4},"end":{"line":39,"column":127}}],"line":39},"6":{"loc":{"start":{"line":39,"column":8},"end":{"line":39,"column":37}},"type":"binary-expr","locations":[{"start":{"line":39,"column":8},"end":{"line":39,"column":17}},{"start":{"line":39,"column":21},"end":{"line":39,"column":37}}],"line":39},"7":{"loc":{"start":{"line":40,"column":4},"end":{"line":40,"column":106}},"type":"if","locations":[{"start":{"line":40,"column":4},"end":{"line":40,"column":106}},{"start":{"line":40,"column":4},"end":{"line":40,"column":106}}],"line":40},"8":{"loc":{"start":{"line":46,"column":4},"end":{"line":46,"column":159}},"type":"if","locations":[{"start":{"line":46,"column":4},"end":{"line":46,"column":159}},{"start":{"line":46,"column":4},"end":{"line":46,"column":159}}],"line":46},"9":{"loc":{"start":{"line":55,"column":4},"end":{"line":59,"column":5}},"type":"if","locations":[{"start":{"line":55,"column":4},"end":{"line":59,"column":5}},{"start":{"line":55,"column":4},"end":{"line":59,"column":5}}],"line":55}},"s":{"0":1,"1":1,"2":1,"3":1,"4":1,"5":1,"6":1,"7":0,"8":0,"9":0,"10":0,"11":0,"12":0,"13":0,"14":0,"15":0,"16":0,"17":0,"18":0,"19":0,"20":0,"21":0,"22":0,"23":1,"24":0,"25":0,"26":0,"27":0,"28":0,"29":0,"30":0,"31":0,"32":0,"33":0,"34":0,"35":0,"36":0,"37":0,"38":0,"39":0,"40":0,"41":1},"f":{"0":0,"1":0},"b":{"0":[1,1],"1":[0,0],"2":[0,0],"3":[0,0],"4":[0,0],"5":[0,0],"6":[0,0],"7":[0,0],"8":[0,0],"9":[0,0]},"_coverageSchema":"43e27e138ebf9cfc5966b082cf9a028302ed4184","hash":"bb33cd501231bf40198ba3e5fe75afaa060509ce","contentHash":"a36ce34191a941e86bab1206d9a1c158772fdeb1c6aad9dd1b7b147dfe6d7949"},"C:\\Users\\andy\\Desktop\\Project\\server\\api\\utils\\send-email.js":{"path":"C:\\Users\\andy\\Desktop\\Project\\server\\api\\utils\\send-email.js","statementMap":{"0":{"start":{"line":1,"column":19},"end":{"line":1,"column":40}},"1":{"start":{"line":3,"column":0},"end":{"line":22,"column":1}},"2":{"start":{"line":4,"column":81},"end":{"line":4,"column":85}},"3":{"start":{"line":6,"column":24},"end":{"line":12,"column":4}},"4":{"start":{"line":14,"column":22},"end":{"line":19,"column":3}},"5":{"start":{"line":21,"column":2},"end":{"line":21,"column":38}}},"fnMap":{"0":{"name":"(anonymous_0)","decl":{"start":{"line":3,"column":17},"end":{"line":3,"column":18}},"loc":{"start":{"line":3,"column":27},"end":{"line":22,"column":1}},"line":3}},"branchMap":{},"s":{"0":1,"1":1,"2":0,"3":0,"4":0,"5":0},"f":{"0":0},"b":{},"_coverageSchema":"43e27e138ebf9cfc5966b082cf9a028302ed4184","hash":"496ebebab67adc6009a311641dd607c0cd2e08b7","contentHash":"32c4087903afc2fa73d6047acbbe7368529686205a576f53d535fa933c1b227a"},"C:\\Users\\andy\\Desktop\\Project\\server\\api\\utils\\email-generator.js":{"path":"C:\\Users\\andy\\Desktop\\Project\\server\\api\\utils\\email-generator.js","statementMap":{"0":{"start":{"line":1,"column":28},"end":{"line":27,"column":1}},"1":{"start":{"line":2,"column":41},"end":{"line":2,"column":50}},"2":{"start":{"line":4,"column":2},"end":{"line":26,"column":3}},"3":{"start":{"line":28,"column":30},"end":{"line":41,"column":1}},"4":{"start":{"line":29,"column":53},"end":{"line":29,"column":62}},"5":{"start":{"line":31,"column":2},"end":{"line":40,"column":3}},"6":{"start":{"line":43,"column":25},"end":{"line":67,"column":1}},"7":{"start":{"line":44,"column":53},"end":{"line":44,"column":62}},"8":{"start":{"line":46,"column":2},"end":{"line":66,"column":3}},"9":{"start":{"line":69,"column":0},"end":{"line":69,"column":82}}},"fnMap":{"0":{"name":"(anonymous_0)","decl":{"start":{"line":1,"column":28},"end":{"line":1,"column":29}},"loc":{"start":{"line":1,"column":43},"end":{"line":27,"column":1}},"line":1},"1":{"name":"(anonymous_1)","decl":{"start":{"line":28,"column":30},"end":{"line":28,"column":31}},"loc":{"start":{"line":28,"column":45},"end":{"line":41,"column":1}},"line":28},"2":{"name":"(anonymous_2)","decl":{"start":{"line":43,"column":25},"end":{"line":43,"column":26}},"loc":{"start":{"line":43,"column":40},"end":{"line":67,"column":1}},"line":43}},"branchMap":{},"s":{"0":1,"1":0,"2":0,"3":1,"4":0,"5":0,"6":1,"7":0,"8":0,"9":1},"f":{"0":0,"1":0,"2":0},"b":{},"_coverageSchema":"43e27e138ebf9cfc5966b082cf9a028302ed4184","hash":"2269ef5ea323ed42d74f88394b9ef28b1d172cb6","contentHash":"02cecbd4dc0c2a69cd5bcb25093016e88e2686fae2fb6299e5f65bdd7070c5b8"},"C:\\Users\\andy\\Desktop\\Project\\server\\api\\routes\\checklists-routers.js":{"path":"C:\\Users\\andy\\Desktop\\Project\\server\\api\\routes\\checklists-routers.js","statementMap":{"0":{"start":{"line":1,"column":16},"end":{"line":1,"column":34}},"1":{"start":{"line":3,"column":15},"end":{"line":3,"column":35}},"2":{"start":{"line":4,"column":27},"end":{"line":4,"column":72}},"3":{"start":{"line":5,"column":40},"end":{"line":5,"column":100}},"4":{"start":{"line":6,"column":34},"end":{"line":6,"column":86}},"5":{"start":{"line":7,"column":23},"end":{"line":7,"column":64}},"6":{"start":{"line":8,"column":18},"end":{"line":8,"column":54}},"7":{"start":{"line":10,"column":0},"end":{"line":10,"column":43}},"8":{"start":{"line":11,"column":0},"end":{"line":11,"column":100}},"9":{"start":{"line":12,"column":0},"end":{"line":12,"column":61}},"10":{"start":{"line":13,"column":0},"end":{"line":13,"column":46}},"11":{"start":{"line":14,"column":0},"end":{"line":14,"column":70}},"12":{"start":{"line":15,"column":0},"end":{"line":15,"column":96}},"13":{"start":{"line":16,"column":0},"end":{"line":16,"column":114}},"14":{"start":{"line":17,"column":0},"end":{"line":17,"column":123}},"15":{"start":{"line":18,"column":0},"end":{"line":18,"column":109}},"16":{"start":{"line":19,"column":0},"end":{"line":19,"column":89}},"17":{"start":{"line":20,"column":0},"end":{"line":20,"column":71}},"18":{"start":{"line":21,"column":0},"end":{"line":21,"column":57}},"19":{"start":{"line":22,"column":0},"end":{"line":22,"column":64}},"20":{"start":{"line":24,"column":0},"end":{"line":24,"column":24}}},"fnMap":{},"branchMap":{},"s":{"0":1,"1":1,"2":1,"3":1,"4":1,"5":1,"6":1,"7":1,"8":1,"9":1,"10":1,"11":1,"12":1,"13":1,"14":1,"15":1,"16":1,"17":1,"18":1,"19":1,"20":1},"f":{},"b":{},"_coverageSchema":"43e27e138ebf9cfc5966b082cf9a028302ed4184","hash":"87fd51149951ded55710c360186661e965b571e1","contentHash":"c6352c09fda0dbe059cb81adf59193ac12fa6382cd345440cf4f97ce1ab0683c"},"C:\\Users\\andy\\Desktop\\Project\\server\\api\\controllers\\checklist-controler.js":{"path":"C:\\Users\\andy\\Desktop\\Project\\server\\api\\controllers\\checklist-controler.js","statementMap":{"0":{"start":{"line":1,"column":41},"end":{"line":1,"column":88}},"1":{"start":{"line":2,"column":17},"end":{"line":2,"column":48}},"2":{"start":{"line":3,"column":23},"end":{"line":3,"column":72}},"3":{"start":{"line":5,"column":24},"end":{"line":37,"column":1}},"4":{"start":{"line":6,"column":2},"end":{"line":36,"column":3}},"5":{"start":{"line":7,"column":4},"end":{"line":14,"column":5}},"6":{"start":{"line":8,"column":6},"end":{"line":13,"column":9}},"7":{"start":{"line":9,"column":8},"end":{"line":9,"column":27}},"8":{"start":{"line":10,"column":8},"end":{"line":12,"column":10}},"9":{"start":{"line":11,"column":41},"end":{"line":11,"column":56}},"10":{"start":{"line":16,"column":22},"end":{"line":16,"column":49}},"11":{"start":{"line":17,"column":4},"end":{"line":19,"column":5}},"12":{"start":{"line":18,"column":6},"end":{"line":18,"column":72}},"13":{"start":{"line":21,"column":48},"end":{"line":21,"column":56}},"14":{"start":{"line":23,"column":20},"end":{"line":29,"column":6}},"15":{"start":{"line":31,"column":17},"end":{"line":31,"column":37}},"16":{"start":{"line":32,"column":4},"end":{"line":32,"column":31}},"17":{"start":{"line":35,"column":4},"end":{"line":35,"column":40}},"18":{"start":{"line":39,"column":28},"end":{"line":63,"column":1}},"19":{"start":{"line":40,"column":2},"end":{"line":62,"column":3}},"20":{"start":{"line":41,"column":65},"end":{"line":41,"column":73}},"21":{"start":{"line":43,"column":17},"end":{"line":43,"column":56}},"22":{"start":{"line":45,"column":4},"end":{"line":45,"column":42}},"23":{"start":{"line":45,"column":15},"end":{"line":45,"column":42}},"24":{"start":{"line":47,"column":20},"end":{"line":47,"column":85}},"25":{"start":{"line":47,"column":52},"end":{"line":47,"column":84}},"26":{"start":{"line":49,"column":4},"end":{"line":55,"column":7}},"27":{"start":{"line":57,"column":4},"end":{"line":57,"column":22}},"28":{"start":{"line":58,"column":4},"end":{"line":58,"column":31}},"29":{"start":{"line":61,"column":4},"end":{"line":61,"column":32}},"30":{"start":{"line":65,"column":15},"end":{"line":115,"column":1}},"31":{"start":{"line":66,"column":2},"end":{"line":114,"column":3}},"32":{"start":{"line":67,"column":46},"end":{"line":67,"column":55}},"33":{"start":{"line":69,"column":4},"end":{"line":74,"column":5}},"34":{"start":{"line":70,"column":6},"end":{"line":70,"column":163}},"35":{"start":{"line":73,"column":6},"end":{"line":73,"column":114}},"36":{"start":{"line":76,"column":4},"end":{"line":78,"column":5}},"37":{"start":{"line":77,"column":6},"end":{"line":77,"column":15}},"38":{"start":{"line":80,"column":23},"end":{"line":84,"column":37}},"39":{"start":{"line":86,"column":19},"end":{"line":108,"column":6}},"40":{"start":{"line":87,"column":6},"end":{"line":107,"column":7}},"41":{"start":{"line":94,"column":10},"end":{"line":105,"column":11}},"42":{"start":{"line":97,"column":14},"end":{"line":103,"column":15}},"43":{"start":{"line":110,"column":4},"end":{"line":110,"column":49}},"44":{"start":{"line":113,"column":4},"end":{"line":113,"column":20}},"45":{"start":{"line":116,"column":16},"end":{"line":165,"column":1}},"46":{"start":{"line":118,"column":2},"end":{"line":164,"column":3}},"47":{"start":{"line":119,"column":29},"end":{"line":119,"column":61}},"48":{"start":{"line":120,"column":24},"end":{"line":120,"column":46}},"49":{"start":{"line":121,"column":23},"end":{"line":121,"column":79}},"50":{"start":{"line":122,"column":21},"end":{"line":122,"column":25}},"51":{"start":{"line":123,"column":21},"end":{"line":123,"column":25}},"52":{"start":{"line":124,"column":4},"end":{"line":135,"column":5}},"53":{"start":{"line":125,"column":6},"end":{"line":125,"column":114}},"54":{"start":{"line":126,"column":6},"end":{"line":128,"column":7}},"55":{"start":{"line":127,"column":8},"end":{"line":127,"column":25}},"56":{"start":{"line":129,"column":6},"end":{"line":129,"column":210}},"57":{"start":{"line":132,"column":6},"end":{"line":132,"column":23}},"58":{"start":{"line":133,"column":6},"end":{"line":133,"column":179}},"59":{"start":{"line":134,"column":6},"end":{"line":134,"column":265}},"60":{"start":{"line":136,"column":19},"end":{"line":158,"column":6}},"61":{"start":{"line":137,"column":6},"end":{"line":157,"column":7}},"62":{"start":{"line":144,"column":10},"end":{"line":155,"column":11}},"63":{"start":{"line":147,"column":14},"end":{"line":153,"column":15}},"64":{"start":{"line":160,"column":4},"end":{"line":160,"column":47}},"65":{"start":{"line":163,"column":4},"end":{"line":163,"column":20}},"66":{"start":{"line":167,"column":21},"end":{"line":213,"column":1}},"67":{"start":{"line":168,"column":2},"end":{"line":212,"column":3}},"68":{"start":{"line":169,"column":19},"end":{"line":169,"column":36}},"69":{"start":{"line":170,"column":18},"end":{"line":170,"column":59}},"70":{"start":{"line":172,"column":23},"end":{"line":175,"column":19}},"71":{"start":{"line":177,"column":4},"end":{"line":179,"column":5}},"72":{"start":{"line":178,"column":6},"end":{"line":178,"column":27}},"73":{"start":{"line":181,"column":23},"end":{"line":184,"column":90}},"74":{"start":{"line":186,"column":19},"end":{"line":208,"column":6}},"75":{"start":{"line":187,"column":6},"end":{"line":207,"column":7}},"76":{"start":{"line":194,"column":10},"end":{"line":205,"column":11}},"77":{"start":{"line":197,"column":14},"end":{"line":203,"column":15}},"78":{"start":{"line":209,"column":4},"end":{"line":209,"column":49}},"79":{"start":{"line":211,"column":4},"end":{"line":211,"column":20}},"80":{"start":{"line":215,"column":23},"end":{"line":237,"column":1}},"81":{"start":{"line":216,"column":2},"end":{"line":236,"column":3}},"82":{"start":{"line":217,"column":19},"end":{"line":217,"column":32}},"83":{"start":{"line":218,"column":18},"end":{"line":218,"column":91}},"84":{"start":{"line":219,"column":18},"end":{"line":231,"column":7}},"85":{"start":{"line":220,"column":23},"end":{"line":220,"column":52}},"86":{"start":{"line":221,"column":19},"end":{"line":229,"column":7}},"87":{"start":{"line":230,"column":6},"end":{"line":230,"column":17}},"88":{"start":{"line":233,"column":4},"end":{"line":233,"column":40}},"89":{"start":{"line":235,"column":4},"end":{"line":235,"column":28}},"90":{"start":{"line":239,"column":15},"end":{"line":264,"column":1}},"91":{"start":{"line":240,"column":2},"end":{"line":263,"column":3}},"92":{"start":{"line":241,"column":17},"end":{"line":241,"column":65}},"93":{"start":{"line":242,"column":4},"end":{"line":242,"column":81}},"94":{"start":{"line":242,"column":15},"end":{"line":242,"column":81}},"95":{"start":{"line":244,"column":19},"end":{"line":258,"column":5}},"96":{"start":{"line":252,"column":8},"end":{"line":256,"column":9}},"97":{"start":{"line":260,"column":4},"end":{"line":260,"column":40}},"98":{"start":{"line":262,"column":4},"end":{"line":262,"column":27}},"99":{"start":{"line":266,"column":15},"end":{"line":299,"column":1}},"100":{"start":{"line":267,"column":2},"end":{"line":298,"column":3}},"101":{"start":{"line":268,"column":48},"end":{"line":268,"column":56}},"102":{"start":{"line":270,"column":26},"end":{"line":270,"column":62}},"103":{"start":{"line":271,"column":27},"end":{"line":271,"column":75}},"104":{"start":{"line":273,"column":4},"end":{"line":275,"column":5}},"105":{"start":{"line":274,"column":6},"end":{"line":274,"column":65}},"106":{"start":{"line":277,"column":4},"end":{"line":284,"column":5}},"107":{"start":{"line":278,"column":6},"end":{"line":283,"column":9}},"108":{"start":{"line":279,"column":8},"end":{"line":279,"column":27}},"109":{"start":{"line":280,"column":8},"end":{"line":282,"column":10}},"110":{"start":{"line":281,"column":41},"end":{"line":281,"column":56}},"111":{"start":{"line":286,"column":17},"end":{"line":290,"column":5}},"112":{"start":{"line":292,"column":4},"end":{"line":292,"column":83}},"113":{"start":{"line":292,"column":15},"end":{"line":292,"column":83}},"114":{"start":{"line":294,"column":4},"end":{"line":294,"column":66}},"115":{"start":{"line":297,"column":4},"end":{"line":297,"column":32}},"116":{"start":{"line":301,"column":19},"end":{"line":317,"column":1}},"117":{"start":{"line":302,"column":2},"end":{"line":316,"column":3}},"118":{"start":{"line":303,"column":27},"end":{"line":303,"column":66}},"119":{"start":{"line":304,"column":26},"end":{"line":304,"column":62}},"120":{"start":{"line":305,"column":4},"end":{"line":307,"column":5}},"121":{"start":{"line":306,"column":6},"end":{"line":306,"column":65}},"122":{"start":{"line":308,"column":24},"end":{"line":308,"column":72}},"123":{"start":{"line":309,"column":4},"end":{"line":309,"column":71}},"124":{"start":{"line":310,"column":4},"end":{"line":312,"column":31}},"125":{"start":{"line":311,"column":6},"end":{"line":311,"column":78}},"126":{"start":{"line":312,"column":11},"end":{"line":312,"column":31}},"127":{"start":{"line":315,"column":4},"end":{"line":315,"column":20}},"128":{"start":{"line":319,"column":0},"end":{"line":329,"column":2}}},"fnMap":{"0":{"name":"(anonymous_0)","decl":{"start":{"line":5,"column":24},"end":{"line":5,"column":25}},"loc":{"start":{"line":5,"column":44},"end":{"line":37,"column":1}},"line":5},"1":{"name":"(anonymous_1)","decl":{"start":{"line":8,"column":33},"end":{"line":8,"column":34}},"loc":{"start":{"line":8,"column":46},"end":{"line":13,"column":7}},"line":8},"2":{"name":"(anonymous_2)","decl":{"start":{"line":11,"column":33},"end":{"line":11,"column":34}},"loc":{"start":{"line":11,"column":41},"end":{"line":11,"column":56}},"line":11},"3":{"name":"(anonymous_3)","decl":{"start":{"line":39,"column":28},"end":{"line":39,"column":29}},"loc":{"start":{"line":39,"column":48},"end":{"line":63,"column":1}},"line":39},"4":{"name":"(anonymous_4)","decl":{"start":{"line":47,"column":44},"end":{"line":47,"column":45}},"loc":{"start":{"line":47,"column":52},"end":{"line":47,"column":84}},"line":47},"5":{"name":"(anonymous_5)","decl":{"start":{"line":65,"column":15},"end":{"line":65,"column":16}},"loc":{"start":{"line":65,"column":35},"end":{"line":115,"column":1}},"line":65},"6":{"name":"(anonymous_6)","decl":{"start":{"line":86,"column":34},"end":{"line":86,"column":35}},"loc":{"start":{"line":86,"column":41},"end":{"line":108,"column":5}},"line":86},"7":{"name":"(anonymous_7)","decl":{"start":{"line":93,"column":45},"end":{"line":93,"column":46}},"loc":{"start":{"line":93,"column":56},"end":{"line":106,"column":9}},"line":93},"8":{"name":"(anonymous_8)","decl":{"start":{"line":96,"column":47},"end":{"line":96,"column":48}},"loc":{"start":{"line":96,"column":55},"end":{"line":104,"column":13}},"line":96},"9":{"name":"(anonymous_9)","decl":{"start":{"line":116,"column":16},"end":{"line":116,"column":17}},"loc":{"start":{"line":116,"column":36},"end":{"line":165,"column":1}},"line":116},"10":{"name":"(anonymous_10)","decl":{"start":{"line":136,"column":34},"end":{"line":136,"column":35}},"loc":{"start":{"line":136,"column":41},"end":{"line":158,"column":5}},"line":136},"11":{"name":"(anonymous_11)","decl":{"start":{"line":143,"column":45},"end":{"line":143,"column":46}},"loc":{"start":{"line":143,"column":56},"end":{"line":156,"column":9}},"line":143},"12":{"name":"(anonymous_12)","decl":{"start":{"line":146,"column":47},"end":{"line":146,"column":48}},"loc":{"start":{"line":146,"column":55},"end":{"line":154,"column":13}},"line":146},"13":{"name":"(anonymous_13)","decl":{"start":{"line":167,"column":21},"end":{"line":167,"column":22}},"loc":{"start":{"line":167,"column":41},"end":{"line":213,"column":1}},"line":167},"14":{"name":"(anonymous_14)","decl":{"start":{"line":186,"column":34},"end":{"line":186,"column":35}},"loc":{"start":{"line":186,"column":41},"end":{"line":208,"column":5}},"line":186},"15":{"name":"(anonymous_15)","decl":{"start":{"line":193,"column":45},"end":{"line":193,"column":46}},"loc":{"start":{"line":193,"column":56},"end":{"line":206,"column":9}},"line":193},"16":{"name":"(anonymous_16)","decl":{"start":{"line":196,"column":47},"end":{"line":196,"column":48}},"loc":{"start":{"line":196,"column":55},"end":{"line":204,"column":13}},"line":196},"17":{"name":"(anonymous_17)","decl":{"start":{"line":215,"column":23},"end":{"line":215,"column":24}},"loc":{"start":{"line":215,"column":43},"end":{"line":237,"column":1}},"line":215},"18":{"name":"(anonymous_18)","decl":{"start":{"line":219,"column":46},"end":{"line":219,"column":47}},"loc":{"start":{"line":219,"column":59},"end":{"line":231,"column":5}},"line":219},"19":{"name":"(anonymous_19)","decl":{"start":{"line":239,"column":15},"end":{"line":239,"column":16}},"loc":{"start":{"line":239,"column":35},"end":{"line":264,"column":1}},"line":239},"20":{"name":"(anonymous_20)","decl":{"start":{"line":251,"column":44},"end":{"line":251,"column":45}},"loc":{"start":{"line":251,"column":55},"end":{"line":257,"column":7}},"line":251},"21":{"name":"(anonymous_21)","decl":{"start":{"line":266,"column":15},"end":{"line":266,"column":16}},"loc":{"start":{"line":266,"column":35},"end":{"line":299,"column":1}},"line":266},"22":{"name":"(anonymous_22)","decl":{"start":{"line":278,"column":33},"end":{"line":278,"column":34}},"loc":{"start":{"line":278,"column":46},"end":{"line":283,"column":7}},"line":278},"23":{"name":"(anonymous_23)","decl":{"start":{"line":281,"column":33},"end":{"line":281,"column":34}},"loc":{"start":{"line":281,"column":41},"end":{"line":281,"column":56}},"line":281},"24":{"name":"(anonymous_24)","decl":{"start":{"line":301,"column":19},"end":{"line":301,"column":20}},"loc":{"start":{"line":301,"column":39},"end":{"line":317,"column":1}},"line":301}},"branchMap":{"0":{"loc":{"start":{"line":7,"column":4},"end":{"line":14,"column":5}},"type":"if","locations":[{"start":{"line":7,"column":4},"end":{"line":14,"column":5}},{"start":{"line":7,"column":4},"end":{"line":14,"column":5}}],"line":7},"1":{"loc":{"start":{"line":17,"column":4},"end":{"line":19,"column":5}},"type":"if","locations":[{"start":{"line":17,"column":4},"end":{"line":19,"column":5}},{"start":{"line":17,"column":4},"end":{"line":19,"column":5}}],"line":17},"2":{"loc":{"start":{"line":45,"column":4},"end":{"line":45,"column":42}},"type":"if","locations":[{"start":{"line":45,"column":4},"end":{"line":45,"column":42}},{"start":{"line":45,"column":4},"end":{"line":45,"column":42}}],"line":45},"3":{"loc":{"start":{"line":67,"column":10},"end":{"line":67,"column":18}},"type":"default-arg","locations":[{"start":{"line":67,"column":17},"end":{"line":67,"column":18}}],"line":67},"4":{"loc":{"start":{"line":67,"column":20},"end":{"line":67,"column":31}},"type":"default-arg","locations":[{"start":{"line":67,"column":29},"end":{"line":67,"column":31}}],"line":67},"5":{"loc":{"start":{"line":67,"column":33},"end":{"line":67,"column":42}},"type":"default-arg","locations":[{"start":{"line":67,"column":41},"end":{"line":67,"column":42}}],"line":67},"6":{"loc":{"start":{"line":69,"column":4},"end":{"line":74,"column":5}},"type":"if","locations":[{"start":{"line":69,"column":4},"end":{"line":74,"column":5}},{"start":{"line":69,"column":4},"end":{"line":74,"column":5}}],"line":69},"7":{"loc":{"start":{"line":76,"column":4},"end":{"line":78,"column":5}},"type":"if","locations":[{"start":{"line":76,"column":4},"end":{"line":78,"column":5}},{"start":{"line":76,"column":4},"end":{"line":78,"column":5}}],"line":76},"8":{"loc":{"start":{"line":124,"column":4},"end":{"line":135,"column":5}},"type":"if","locations":[{"start":{"line":124,"column":4},"end":{"line":135,"column":5}},{"start":{"line":124,"column":4},"end":{"line":135,"column":5}}],"line":124},"9":{"loc":{"start":{"line":126,"column":6},"end":{"line":128,"column":7}},"type":"if","locations":[{"start":{"line":126,"column":6},"end":{"line":128,"column":7}},{"start":{"line":126,"column":6},"end":{"line":128,"column":7}}],"line":126},"10":{"loc":{"start":{"line":177,"column":4},"end":{"line":179,"column":5}},"type":"if","locations":[{"start":{"line":177,"column":4},"end":{"line":179,"column":5}},{"start":{"line":177,"column":4},"end":{"line":179,"column":5}}],"line":177},"11":{"loc":{"start":{"line":242,"column":4},"end":{"line":242,"column":81}},"type":"if","locations":[{"start":{"line":242,"column":4},"end":{"line":242,"column":81}},{"start":{"line":242,"column":4},"end":{"line":242,"column":81}}],"line":242},"12":{"loc":{"start":{"line":273,"column":4},"end":{"line":275,"column":5}},"type":"if","locations":[{"start":{"line":273,"column":4},"end":{"line":275,"column":5}},{"start":{"line":273,"column":4},"end":{"line":275,"column":5}}],"line":273},"13":{"loc":{"start":{"line":273,"column":8},"end":{"line":273,"column":131}},"type":"binary-expr","locations":[{"start":{"line":273,"column":8},"end":{"line":273,"column":57}},{"start":{"line":273,"column":62},"end":{"line":273,"column":92}},{"start":{"line":273,"column":96},"end":{"line":273,"column":130}}],"line":273},"14":{"loc":{"start":{"line":277,"column":4},"end":{"line":284,"column":5}},"type":"if","locations":[{"start":{"line":277,"column":4},"end":{"line":284,"column":5}},{"start":{"line":277,"column":4},"end":{"line":284,"column":5}}],"line":277},"15":{"loc":{"start":{"line":292,"column":4},"end":{"line":292,"column":83}},"type":"if","locations":[{"start":{"line":292,"column":4},"end":{"line":292,"column":83}},{"start":{"line":292,"column":4},"end":{"line":292,"column":83}}],"line":292},"16":{"loc":{"start":{"line":305,"column":4},"end":{"line":307,"column":5}},"type":"if","locations":[{"start":{"line":305,"column":4},"end":{"line":307,"column":5}},{"start":{"line":305,"column":4},"end":{"line":307,"column":5}}],"line":305},"17":{"loc":{"start":{"line":305,"column":8},"end":{"line":305,"column":123}},"type":"binary-expr","locations":[{"start":{"line":305,"column":8},"end":{"line":305,"column":49}},{"start":{"line":305,"column":54},"end":{"line":305,"column":84}},{"start":{"line":305,"column":88},"end":{"line":305,"column":122}}],"line":305},"18":{"loc":{"start":{"line":310,"column":4},"end":{"line":312,"column":31}},"type":"if","locations":[{"start":{"line":310,"column":4},"end":{"line":312,"column":31}},{"start":{"line":310,"column":4},"end":{"line":312,"column":31}}],"line":310}},"s":{"0":1,"1":1,"2":1,"3":1,"4":0,"5":0,"6":0,"7":0,"8":0,"9":0,"10":0,"11":0,"12":0,"13":0,"14":0,"15":0,"16":0,"17":0,"18":1,"19":0,"20":0,"21":0,"22":0,"23":0,"24":0,"25":0,"26":0,"27":0,"28":0,"29":0,"30":1,"31":0,"32":0,"33":0,"34":0,"35":0,"36":0,"37":0,"38":0,"39":0,"40":0,"41":0,"42":0,"43":0,"44":0,"45":1,"46":0,"47":0,"48":0,"49":0,"50":0,"51":0,"52":0,"53":0,"54":0,"55":0,"56":0,"57":0,"58":0,"59":0,"60":0,"61":0,"62":0,"63":0,"64":0,"65":0,"66":1,"67":0,"68":0,"69":0,"70":0,"71":0,"72":0,"73":0,"74":0,"75":0,"76":0,"77":0,"78":0,"79":0,"80":1,"81":0,"82":0,"83":0,"84":0,"85":0,"86":0,"87":0,"88":0,"89":0,"90":1,"91":2,"92":2,"93":2,"94":1,"95":1,"96":1,"97":1,"98":1,"99":1,"100":0,"101":0,"102":0,"103":0,"104":0,"105":0,"106":0,"107":0,"108":0,"109":0,"110":0,"111":0,"112":0,"113":0,"114":0,"115":0,"116":1,"117":0,"118":0,"119":0,"120":0,"121":0,"122":0,"123":0,"124":0,"125":0,"126":0,"127":0,"128":1},"f":{"0":0,"1":0,"2":0,"3":0,"4":0,"5":0,"6":0,"7":0,"8":0,"9":0,"10":0,"11":0,"12":0,"13":0,"14":0,"15":0,"16":0,"17":0,"18":0,"19":2,"20":1,"21":0,"22":0,"23":0,"24":0},"b":{"0":[0,0],"1":[0,0],"2":[0,0],"3":[0],"4":[0],"5":[0],"6":[0,0],"7":[0,0],"8":[0,0],"9":[0,0],"10":[0,0],"11":[1,1],"12":[0,0],"13":[0,0,0],"14":[0,0],"15":[0,0],"16":[0,0],"17":[0,0,0],"18":[0,0]},"_coverageSchema":"43e27e138ebf9cfc5966b082cf9a028302ed4184","hash":"3fcd799dee82b8fd885ef3630fdaeddfb9d91274","contentHash":"a850a9e53f32ec3adbdae07035403bf7e1daeec34548afd99dfd2576f14c3f08"},"C:\\Users\\andy\\Desktop\\Project\\server\\api\\models\\checklists\\checklist-model.js":{"path":"C:\\Users\\andy\\Desktop\\Project\\server\\api\\models\\checklists\\checklist-model.js","statementMap":{"0":{"start":{"line":1,"column":17},"end":{"line":1,"column":36}},"1":{"start":{"line":2,"column":22},"end":{"line":2,"column":58}},"2":{"start":{"line":3,"column":12},"end":{"line":3,"column":26}},"3":{"start":{"line":4,"column":13},"end":{"line":4,"column":45}},"4":{"start":{"line":5,"column":16},"end":{"line":5,"column":42}},"5":{"start":{"line":6,"column":23},"end":{"line":6,"column":52}},"6":{"start":{"line":7,"column":33},"end":{"line":7,"column":88}},"7":{"start":{"line":9,"column":18},"end":{"line":9,"column":19}},"8":{"start":{"line":10,"column":18},"end":{"line":10,"column":21}},"9":{"start":{"line":11,"column":22},"end":{"line":11,"column":26}},"10":{"start":{"line":13,"column":0},"end":{"line":13,"column":22}},"11":{"start":{"line":15,"column":24},"end":{"line":22,"column":24}},"12":{"start":{"line":24,"column":0},"end":{"line":24,"column":40}},"13":{"start":{"line":26,"column":0},"end":{"line":38,"column":2}},"14":{"start":{"line":27,"column":15},"end":{"line":27,"column":17}},"15":{"start":{"line":28,"column":2},"end":{"line":36,"column":5}},"16":{"start":{"line":29,"column":4},"end":{"line":35,"column":7}},"17":{"start":{"line":30,"column":6},"end":{"line":34,"column":8}},"18":{"start":{"line":31,"column":8},"end":{"line":33,"column":9}},"19":{"start":{"line":32,"column":10},"end":{"line":32,"column":26}},"20":{"start":{"line":37,"column":2},"end":{"line":37,"column":13}},"21":{"start":{"line":40,"column":0},"end":{"line":44,"column":2}},"22":{"start":{"line":41,"column":15},"end":{"line":41,"column":78}},"23":{"start":{"line":42,"column":19},"end":{"line":42,"column":72}},"24":{"start":{"line":43,"column":2},"end":{"line":43,"column":18}},"25":{"start":{"line":46,"column":18},"end":{"line":46,"column":62}},"26":{"start":{"line":48,"column":26},"end":{"line":88,"column":1}},"27":{"start":{"line":49,"column":17},"end":{"line":86,"column":4}},"28":{"start":{"line":87,"column":2},"end":{"line":87,"column":41}},"29":{"start":{"line":90,"column":0},"end":{"line":90,"column":50}}},"fnMap":{"0":{"name":"(anonymous_0)","decl":{"start":{"line":26,"column":34},"end":{"line":26,"column":35}},"loc":{"start":{"line":26,"column":45},"end":{"line":38,"column":1}},"line":26},"1":{"name":"(anonymous_1)","decl":{"start":{"line":28,"column":25},"end":{"line":28,"column":26}},"loc":{"start":{"line":28,"column":36},"end":{"line":36,"column":3}},"line":28},"2":{"name":"(anonymous_2)","decl":{"start":{"line":29,"column":27},"end":{"line":29,"column":28}},"loc":{"start":{"line":29,"column":33},"end":{"line":35,"column":5}},"line":29},"3":{"name":"(anonymous_3)","decl":{"start":{"line":30,"column":18},"end":{"line":30,"column":19}},"loc":{"start":{"line":30,"column":26},"end":{"line":34,"column":7}},"line":30},"4":{"name":"(anonymous_4)","decl":{"start":{"line":40,"column":38},"end":{"line":40,"column":39}},"loc":{"start":{"line":40,"column":61},"end":{"line":44,"column":1}},"line":40},"5":{"name":"(anonymous_5)","decl":{"start":{"line":48,"column":26},"end":{"line":48,"column":27}},"loc":{"start":{"line":48,"column":41},"end":{"line":88,"column":1}},"line":48}},"branchMap":{"0":{"loc":{"start":{"line":31,"column":8},"end":{"line":33,"column":9}},"type":"if","locations":[{"start":{"line":31,"column":8},"end":{"line":33,"column":9}},{"start":{"line":31,"column":8},"end":{"line":33,"column":9}}],"line":31},"1":{"loc":{"start":{"line":42,"column":19},"end":{"line":42,"column":72}},"type":"cond-expr","locations":[{"start":{"line":42,"column":26},"end":{"line":42,"column":68}},{"start":{"line":42,"column":71},"end":{"line":42,"column":72}}],"line":42}},"s":{"0":1,"1":1,"2":1,"3":1,"4":1,"5":1,"6":1,"7":1,"8":1,"9":1,"10":1,"11":1,"12":1,"13":1,"14":0,"15":0,"16":0,"17":0,"18":0,"19":0,"20":0,"21":1,"22":0,"23":0,"24":0,"25":1,"26":1,"27":0,"28":0,"29":1},"f":{"0":0,"1":0,"2":0,"3":0,"4":0,"5":0},"b":{"0":[0,0],"1":[0,0]},"_coverageSchema":"43e27e138ebf9cfc5966b082cf9a028302ed4184","hash":"03b4e616ec070cd7aafd0d0948078185ac987a7d","contentHash":"badee57496181ec78ee8c2bea9bdba4b929f1d3667a86e02381fbf1e81042842"},"C:\\Users\\andy\\Desktop\\Project\\server\\api\\models\\checklists\\section-model.js":{"path":"C:\\Users\\andy\\Desktop\\Project\\server\\api\\models\\checklists\\section-model.js","statementMap":{"0":{"start":{"line":1,"column":17},"end":{"line":1,"column":36}},"1":{"start":{"line":2,"column":22},"end":{"line":2,"column":55}},"2":{"start":{"line":4,"column":22},"end":{"line":7,"column":2}},"3":{"start":{"line":9,"column":16},"end":{"line":9,"column":56}},"4":{"start":{"line":11,"column":0},"end":{"line":11,"column":44}}},"fnMap":{},"branchMap":{},"s":{"0":1,"1":1,"2":1,"3":1,"4":1},"f":{},"b":{},"_coverageSchema":"43e27e138ebf9cfc5966b082cf9a028302ed4184","hash":"d370b91f037090936cf3641987d9a63c428cf647","contentHash":"69606ed76fc8aff5f7fc919edc489be28f999ecfd2b0adfae3e83fd8e1a004cc"},"C:\\Users\\andy\\Desktop\\Project\\server\\api\\models\\checklists\\checklist-item-model.js":{"path":"C:\\Users\\andy\\Desktop\\Project\\server\\api\\models\\checklists\\checklist-item-model.js","statementMap":{"0":{"start":{"line":1,"column":17},"end":{"line":1,"column":36}},"1":{"start":{"line":3,"column":28},"end":{"line":13,"column":2}},"2":{"start":{"line":15,"column":27},"end":{"line":15,"column":79}},"3":{"start":{"line":17,"column":0},"end":{"line":17,"column":61}}},"fnMap":{},"branchMap":{},"s":{"0":1,"1":1,"2":1,"3":1},"f":{},"b":{},"_coverageSchema":"43e27e138ebf9cfc5966b082cf9a028302ed4184","hash":"7588cd11282da6fce5886a0a3c78122cb391bb83","contentHash":"8d6830468e024d5f85f8c2a1a0edd39f95c36f6df9e628f941f6d6d519a295cb"},"C:\\Users\\andy\\Desktop\\Project\\server\\api\\models\\checklists\\users-checklists.js":{"path":"C:\\Users\\andy\\Desktop\\Project\\server\\api\\models\\checklists\\users-checklists.js","statementMap":{"0":{"start":{"line":1,"column":17},"end":{"line":1,"column":36}},"1":{"start":{"line":3,"column":29},"end":{"line":8,"column":2}},"2":{"start":{"line":10,"column":23},"end":{"line":10,"column":77}},"3":{"start":{"line":12,"column":0},"end":{"line":12,"column":32}}},"fnMap":{},"branchMap":{},"s":{"0":1,"1":1,"2":1,"3":1},"f":{},"b":{},"_coverageSchema":"43e27e138ebf9cfc5966b082cf9a028302ed4184","hash":"a397cd08c1109112c06ed45525ada5e5ec264b94","contentHash":"48a7c1f377667980dafd405a5b9b1f13483ae17068cf2e3323a264f1ba2bcc02"},"C:\\Users\\andy\\Desktop\\Project\\server\\api\\controllers\\viewed-checkist-controller.js":{"path":"C:\\Users\\andy\\Desktop\\Project\\server\\api\\controllers\\viewed-checkist-controller.js","statementMap":{"0":{"start":{"line":1,"column":23},"end":{"line":1,"column":71}},"1":{"start":{"line":3,"column":29},"end":{"line":16,"column":1}},"2":{"start":{"line":4,"column":16},"end":{"line":4,"column":17}},"3":{"start":{"line":4,"column":28},"end":{"line":4,"column":29}},"4":{"start":{"line":5,"column":2},"end":{"line":10,"column":3}},"5":{"start":{"line":5,"column":15},"end":{"line":5,"column":16}},"6":{"start":{"line":6,"column":4},"end":{"line":6,"column":30}},"7":{"start":{"line":7,"column":4},"end":{"line":9,"column":5}},"8":{"start":{"line":7,"column":17},"end":{"line":7,"column":18}},"9":{"start":{"line":8,"column":6},"end":{"line":8,"column":42}},"10":{"start":{"line":8,"column":32},"end":{"line":8,"column":42}},"11":{"start":{"line":11,"column":2},"end":{"line":15,"column":3}},"12":{"start":{"line":12,"column":4},"end":{"line":12,"column":49}},"13":{"start":{"line":14,"column":4},"end":{"line":14,"column":13}},"14":{"start":{"line":18,"column":28},"end":{"line":44,"column":1}},"15":{"start":{"line":19,"column":2},"end":{"line":43,"column":3}},"16":{"start":{"line":20,"column":15},"end":{"line":20,"column":28}},"17":{"start":{"line":21,"column":20},"end":{"line":21,"column":48}},"18":{"start":{"line":22,"column":24},"end":{"line":22,"column":65}},"19":{"start":{"line":24,"column":28},"end":{"line":24,"column":69}},"20":{"start":{"line":26,"column":23},"end":{"line":26,"column":45}},"21":{"start":{"line":28,"column":28},"end":{"line":29,"column":65}},"22":{"start":{"line":31,"column":22},"end":{"line":31,"column":71}},"23":{"start":{"line":31,"column":51},"end":{"line":31,"column":69}},"24":{"start":{"line":33,"column":26},"end":{"line":33,"column":28}},"25":{"start":{"line":35,"column":4},"end":{"line":37,"column":7}},"26":{"start":{"line":36,"column":6},"end":{"line":36,"column":84}},"27":{"start":{"line":36,"column":19},"end":{"line":36,"column":84}},"28":{"start":{"line":39,"column":4},"end":{"line":39,"column":96}},"29":{"start":{"line":42,"column":4},"end":{"line":42,"column":20}},"30":{"start":{"line":46,"column":35},"end":{"line":54,"column":1}},"31":{"start":{"line":47,"column":2},"end":{"line":53,"column":3}},"32":{"start":{"line":48,"column":4},"end":{"line":48,"column":66}},"33":{"start":{"line":50,"column":4},"end":{"line":50,"column":57}},"34":{"start":{"line":52,"column":4},"end":{"line":52,"column":20}},"35":{"start":{"line":57,"column":0},"end":{"line":61,"column":2}}},"fnMap":{"0":{"name":"(anonymous_0)","decl":{"start":{"line":3,"column":29},"end":{"line":3,"column":30}},"loc":{"start":{"line":3,"column":40},"end":{"line":16,"column":1}},"line":3},"1":{"name":"(anonymous_1)","decl":{"start":{"line":18,"column":28},"end":{"line":18,"column":29}},"loc":{"start":{"line":18,"column":48},"end":{"line":44,"column":1}},"line":18},"2":{"name":"(anonymous_2)","decl":{"start":{"line":31,"column":42},"end":{"line":31,"column":43}},"loc":{"start":{"line":31,"column":51},"end":{"line":31,"column":69}},"line":31},"3":{"name":"(anonymous_3)","decl":{"start":{"line":35,"column":24},"end":{"line":35,"column":25}},"loc":{"start":{"line":35,"column":34},"end":{"line":37,"column":5}},"line":35},"4":{"name":"(anonymous_4)","decl":{"start":{"line":46,"column":35},"end":{"line":46,"column":36}},"loc":{"start":{"line":46,"column":55},"end":{"line":54,"column":1}},"line":46}},"branchMap":{"0":{"loc":{"start":{"line":8,"column":6},"end":{"line":8,"column":42}},"type":"if","locations":[{"start":{"line":8,"column":6},"end":{"line":8,"column":42}},{"start":{"line":8,"column":6},"end":{"line":8,"column":42}}],"line":8},"1":{"loc":{"start":{"line":11,"column":2},"end":{"line":15,"column":3}},"type":"if","locations":[{"start":{"line":11,"column":2},"end":{"line":15,"column":3}},{"start":{"line":11,"column":2},"end":{"line":15,"column":3}}],"line":11},"2":{"loc":{"start":{"line":11,"column":6},"end":{"line":11,"column":23}},"type":"binary-expr","locations":[{"start":{"line":11,"column":6},"end":{"line":11,"column":13}},{"start":{"line":11,"column":17},"end":{"line":11,"column":23}}],"line":11},"3":{"loc":{"start":{"line":36,"column":6},"end":{"line":36,"column":84}},"type":"if","locations":[{"start":{"line":36,"column":6},"end":{"line":36,"column":84}},{"start":{"line":36,"column":6},"end":{"line":36,"column":84}}],"line":36}},"s":{"0":1,"1":1,"2":0,"3":0,"4":0,"5":0,"6":0,"7":0,"8":0,"9":0,"10":0,"11":0,"12":0,"13":0,"14":1,"15":0,"16":0,"17":0,"18":0,"19":0,"20":0,"21":0,"22":0,"23":0,"24":0,"25":0,"26":0,"27":0,"28":0,"29":0,"30":1,"31":0,"32":0,"33":0,"34":0,"35":1},"f":{"0":0,"1":0,"2":0,"3":0,"4":0},"b":{"0":[0,0],"1":[0,0],"2":[0,0],"3":[0,0]},"_coverageSchema":"43e27e138ebf9cfc5966b082cf9a028302ed4184","hash":"20460fca10a67985054e3bda06fb65580ba651cb","contentHash":"3c5066962ea0f7fcd7e878b0896163acc81229cd3399d73b405b2bbb13536d75"},"C:\\Users\\andy\\Desktop\\Project\\server\\api\\controllers\\save-checklist-progress-controller.js":{"path":"C:\\Users\\andy\\Desktop\\Project\\server\\api\\controllers\\save-checklist-progress-controller.js","statementMap":{"0":{"start":{"line":1,"column":23},"end":{"line":1,"column":71}},"1":{"start":{"line":3,"column":38},"end":{"line":24,"column":1}},"2":{"start":{"line":4,"column":2},"end":{"line":23,"column":3}},"3":{"start":{"line":5,"column":68},"end":{"line":5,"column":76}},"4":{"start":{"line":7,"column":19},"end":{"line":7,"column":93}},"5":{"start":{"line":9,"column":4},"end":{"line":19,"column":5}},"6":{"start":{"line":10,"column":6},"end":{"line":10,"column":42}},"7":{"start":{"line":12,"column":30},"end":{"line":17,"column":15}},"8":{"start":{"line":18,"column":6},"end":{"line":18,"column":39}},"9":{"start":{"line":22,"column":4},"end":{"line":22,"column":20}},"10":{"start":{"line":26,"column":26},"end":{"line":37,"column":1}},"11":{"start":{"line":27,"column":2},"end":{"line":36,"column":3}},"12":{"start":{"line":28,"column":34},"end":{"line":28,"column":42}},"13":{"start":{"line":30,"column":4},"end":{"line":30,"column":93}},"14":{"start":{"line":32,"column":4},"end":{"line":32,"column":54}},"15":{"start":{"line":35,"column":4},"end":{"line":35,"column":27}},"16":{"start":{"line":39,"column":0},"end":{"line":42,"column":2}}},"fnMap":{"0":{"name":"(anonymous_0)","decl":{"start":{"line":3,"column":38},"end":{"line":3,"column":39}},"loc":{"start":{"line":3,"column":58},"end":{"line":24,"column":1}},"line":3},"1":{"name":"(anonymous_1)","decl":{"start":{"line":26,"column":26},"end":{"line":26,"column":27}},"loc":{"start":{"line":26,"column":46},"end":{"line":37,"column":1}},"line":26}},"branchMap":{"0":{"loc":{"start":{"line":9,"column":4},"end":{"line":19,"column":5}},"type":"if","locations":[{"start":{"line":9,"column":4},"end":{"line":19,"column":5}},{"start":{"line":9,"column":4},"end":{"line":19,"column":5}}],"line":9}},"s":{"0":1,"1":1,"2":0,"3":0,"4":0,"5":0,"6":0,"7":0,"8":0,"9":0,"10":1,"11":0,"12":0,"13":0,"14":0,"15":0,"16":1},"f":{"0":0,"1":0},"b":{"0":[0,0]},"_coverageSchema":"43e27e138ebf9cfc5966b082cf9a028302ed4184","hash":"334a27d29b0f62de6cb23f77bb562da2004aeb58","contentHash":"7c6040ac2f97d50aa7125a158a8fc83272a40fe75a49e42d42fa232d2a4b443d"},"C:\\Users\\andy\\Desktop\\Project\\server\\api\\controllers\\slug-controller.js":{"path":"C:\\Users\\andy\\Desktop\\Project\\server\\api\\controllers\\slug-controller.js","statementMap":{"0":{"start":{"line":1,"column":12},"end":{"line":1,"column":26}},"1":{"start":{"line":2,"column":22},"end":{"line":2,"column":69}},"2":{"start":{"line":4,"column":18},"end":{"line":4,"column":19}},"3":{"start":{"line":5,"column":18},"end":{"line":5,"column":21}},"4":{"start":{"line":7,"column":21},"end":{"line":16,"column":1}},"5":{"start":{"line":8,"column":17},"end":{"line":13,"column":17}},"6":{"start":{"line":15,"column":2},"end":{"line":15,"column":36}},"7":{"start":{"line":18,"column":26},"end":{"line":42,"column":1}},"8":{"start":{"line":19,"column":2},"end":{"line":41,"column":3}},"9":{"start":{"line":20,"column":28},"end":{"line":20,"column":36}},"10":{"start":{"line":22,"column":22},"end":{"line":22,"column":43}},"11":{"start":{"line":23,"column":4},"end":{"line":25,"column":5}},"12":{"start":{"line":24,"column":6},"end":{"line":24,"column":72}},"13":{"start":{"line":27,"column":4},"end":{"line":31,"column":5}},"14":{"start":{"line":33,"column":4},"end":{"line":33,"column":79}},"15":{"start":{"line":36,"column":4},"end":{"line":38,"column":5}},"16":{"start":{"line":37,"column":6},"end":{"line":37,"column":89}},"17":{"start":{"line":40,"column":4},"end":{"line":40,"column":32}},"18":{"start":{"line":44,"column":0},"end":{"line":44,"column":39}}},"fnMap":{"0":{"name":"(anonymous_0)","decl":{"start":{"line":7,"column":21},"end":{"line":7,"column":22}},"loc":{"start":{"line":7,"column":31},"end":{"line":16,"column":1}},"line":7},"1":{"name":"(anonymous_1)","decl":{"start":{"line":18,"column":26},"end":{"line":18,"column":27}},"loc":{"start":{"line":18,"column":46},"end":{"line":42,"column":1}},"line":18}},"branchMap":{"0":{"loc":{"start":{"line":23,"column":4},"end":{"line":25,"column":5}},"type":"if","locations":[{"start":{"line":23,"column":4},"end":{"line":25,"column":5}},{"start":{"line":23,"column":4},"end":{"line":25,"column":5}}],"line":23},"1":{"loc":{"start":{"line":36,"column":4},"end":{"line":38,"column":5}},"type":"if","locations":[{"start":{"line":36,"column":4},"end":{"line":38,"column":5}},{"start":{"line":36,"column":4},"end":{"line":38,"column":5}}],"line":36}},"s":{"0":1,"1":1,"2":1,"3":1,"4":1,"5":0,"6":0,"7":1,"8":0,"9":0,"10":0,"11":0,"12":0,"13":0,"14":0,"15":0,"16":0,"17":0,"18":1},"f":{"0":0,"1":0},"b":{"0":[0,0],"1":[0,0]},"_coverageSchema":"43e27e138ebf9cfc5966b082cf9a028302ed4184","hash":"5bb8db3c4dc3f8333071865ff75948adaabf64fd","contentHash":"fc34ce95c2eaae6b28945d02b614cc1c7cb857e0148d259a32eb5e6f229c76e5"},"C:\\Users\\andy\\Desktop\\Project\\server\\api\\middlewares\\auth-check.js":{"path":"C:\\Users\\andy\\Desktop\\Project\\server\\api\\middlewares\\auth-check.js","statementMap":{"0":{"start":{"line":1,"column":12},"end":{"line":1,"column":35}},"1":{"start":{"line":2,"column":17},"end":{"line":2,"column":48}},"2":{"start":{"line":4,"column":0},"end":{"line":20,"column":1}},"3":{"start":{"line":5,"column":2},"end":{"line":19,"column":3}},"4":{"start":{"line":6,"column":4},"end":{"line":16,"column":79}},"5":{"start":{"line":8,"column":22},"end":{"line":8,"column":88}},"6":{"start":{"line":9,"column":6},"end":{"line":9,"column":29}},"7":{"start":{"line":11,"column":19},"end":{"line":11,"column":50}},"8":{"start":{"line":13,"column":6},"end":{"line":13,"column":87}},"9":{"start":{"line":13,"column":26},"end":{"line":13,"column":87}},"10":{"start":{"line":15,"column":6},"end":{"line":15,"column":20}},"11":{"start":{"line":16,"column":11},"end":{"line":16,"column":79}},"12":{"start":{"line":18,"column":4},"end":{"line":18,"column":67}}},"fnMap":{"0":{"name":"(anonymous_0)","decl":{"start":{"line":4,"column":17},"end":{"line":4,"column":18}},"loc":{"start":{"line":4,"column":43},"end":{"line":20,"column":1}},"line":4}},"branchMap":{"0":{"loc":{"start":{"line":6,"column":4},"end":{"line":16,"column":79}},"type":"if","locations":[{"start":{"line":6,"column":4},"end":{"line":16,"column":79}},{"start":{"line":6,"column":4},"end":{"line":16,"column":79}}],"line":6},"1":{"loc":{"start":{"line":13,"column":6},"end":{"line":13,"column":87}},"type":"if","locations":[{"start":{"line":13,"column":6},"end":{"line":13,"column":87}},{"start":{"line":13,"column":6},"end":{"line":13,"column":87}}],"line":13}},"s":{"0":1,"1":1,"2":1,"3":19,"4":19,"5":18,"6":18,"7":18,"8":10,"9":1,"10":8,"11":1,"12":3},"f":{"0":19},"b":{"0":[18,1],"1":[1,8]},"_coverageSchema":"43e27e138ebf9cfc5966b082cf9a028302ed4184","hash":"76d2533d54250e2a7df2e6930a7e945dd837f238","contentHash":"a49987d9cb0639af2234fd9be1d1e0bcb6ef7de0f0c6f0474b52b27581b2678c"},"C:\\Users\\andy\\Desktop\\Project\\server\\api\\routes\\profile-routes.js":{"path":"C:\\Users\\andy\\Desktop\\Project\\server\\api\\routes\\profile-routes.js","statementMap":{"0":{"start":{"line":1,"column":16},"end":{"line":1,"column":34}},"1":{"start":{"line":2,"column":26},"end":{"line":2,"column":70}},"2":{"start":{"line":3,"column":25},"end":{"line":3,"column":68}},"3":{"start":{"line":5,"column":15},"end":{"line":5,"column":35}},"4":{"start":{"line":7,"column":0},"end":{"line":7,"column":49}},"5":{"start":{"line":8,"column":0},"end":{"line":8,"column":68}},"6":{"start":{"line":9,"column":0},"end":{"line":9,"column":97}},"7":{"start":{"line":11,"column":0},"end":{"line":11,"column":24}}},"fnMap":{},"branchMap":{},"s":{"0":1,"1":1,"2":1,"3":1,"4":1,"5":1,"6":1,"7":1},"f":{},"b":{},"_coverageSchema":"43e27e138ebf9cfc5966b082cf9a028302ed4184","hash":"88bddd868ee4f6cb91f3528fc0297a52f6682bac","contentHash":"6b9a18a2a07c58cb703eb357b6edcb53d4aea974c4bb15d5501a96411a77c6dc"},"C:\\Users\\andy\\Desktop\\Project\\server\\api\\controllers\\profile-controller.js":{"path":"C:\\Users\\andy\\Desktop\\Project\\server\\api\\controllers\\profile-controller.js","statementMap":{"0":{"start":{"line":1,"column":15},"end":{"line":1,"column":34}},"1":{"start":{"line":2,"column":27},"end":{"line":2,"column":58}},"2":{"start":{"line":4,"column":22},"end":{"line":37,"column":1}},"3":{"start":{"line":5,"column":2},"end":{"line":36,"column":3}},"4":{"start":{"line":6,"column":19},"end":{"line":6,"column":34}},"5":{"start":{"line":7,"column":17},"end":{"line":7,"column":44}},"6":{"start":{"line":8,"column":23},"end":{"line":13,"column":5}},"7":{"start":{"line":15,"column":4},"end":{"line":19,"column":7}},"8":{"start":{"line":16,"column":6},"end":{"line":18,"column":7}},"9":{"start":{"line":17,"column":8},"end":{"line":17,"column":31}},"10":{"start":{"line":20,"column":4},"end":{"line":20,"column":107}},"11":{"start":{"line":20,"column":41},"end":{"line":20,"column":107}},"12":{"start":{"line":22,"column":22},"end":{"line":22,"column":42}},"13":{"start":{"line":23,"column":4},"end":{"line":23,"column":82}},"14":{"start":{"line":23,"column":15},"end":{"line":23,"column":82}},"15":{"start":{"line":25,"column":24},"end":{"line":29,"column":25}},"16":{"start":{"line":31,"column":4},"end":{"line":33,"column":65}},"17":{"start":{"line":35,"column":4},"end":{"line":35,"column":31}},"18":{"start":{"line":39,"column":27},"end":{"line":65,"column":1}},"19":{"start":{"line":40,"column":2},"end":{"line":64,"column":3}},"20":{"start":{"line":41,"column":19},"end":{"line":41,"column":34}},"21":{"start":{"line":42,"column":17},"end":{"line":42,"column":44}},"22":{"start":{"line":43,"column":41},"end":{"line":43,"column":49}},"23":{"start":{"line":45,"column":4},"end":{"line":46,"column":91}},"24":{"start":{"line":46,"column":6},"end":{"line":46,"column":91}},"25":{"start":{"line":48,"column":22},"end":{"line":48,"column":57}},"26":{"start":{"line":49,"column":4},"end":{"line":49,"column":82}},"27":{"start":{"line":49,"column":15},"end":{"line":49,"column":82}},"28":{"start":{"line":51,"column":26},"end":{"line":51,"column":72}},"29":{"start":{"line":52,"column":4},"end":{"line":52,"column":90}},"30":{"start":{"line":52,"column":24},"end":{"line":52,"column":90}},"31":{"start":{"line":54,"column":17},"end":{"line":54,"column":39}},"32":{"start":{"line":55,"column":27},"end":{"line":55,"column":61}},"33":{"start":{"line":57,"column":4},"end":{"line":59,"column":7}},"34":{"start":{"line":61,"column":4},"end":{"line":61,"column":66}},"35":{"start":{"line":63,"column":4},"end":{"line":63,"column":31}},"36":{"start":{"line":67,"column":0},"end":{"line":67,"column":55}}},"fnMap":{"0":{"name":"(anonymous_0)","decl":{"start":{"line":4,"column":22},"end":{"line":4,"column":23}},"loc":{"start":{"line":4,"column":42},"end":{"line":37,"column":1}},"line":4},"1":{"name":"(anonymous_1)","decl":{"start":{"line":15,"column":36},"end":{"line":15,"column":37}},"loc":{"start":{"line":15,"column":43},"end":{"line":19,"column":5}},"line":15},"2":{"name":"(anonymous_2)","decl":{"start":{"line":39,"column":27},"end":{"line":39,"column":28}},"loc":{"start":{"line":39,"column":47},"end":{"line":65,"column":1}},"line":39}},"branchMap":{"0":{"loc":{"start":{"line":16,"column":6},"end":{"line":18,"column":7}},"type":"if","locations":[{"start":{"line":16,"column":6},"end":{"line":18,"column":7}},{"start":{"line":16,"column":6},"end":{"line":18,"column":7}}],"line":16},"1":{"loc":{"start":{"line":16,"column":10},"end":{"line":16,"column":55}},"type":"binary-expr","locations":[{"start":{"line":16,"column":10},"end":{"line":16,"column":24}},{"start":{"line":16,"column":28},"end":{"line":16,"column":55}}],"line":16},"2":{"loc":{"start":{"line":20,"column":4},"end":{"line":20,"column":107}},"type":"if","locations":[{"start":{"line":20,"column":4},"end":{"line":20,"column":107}},{"start":{"line":20,"column":4},"end":{"line":20,"column":107}}],"line":20},"3":{"loc":{"start":{"line":23,"column":4},"end":{"line":23,"column":82}},"type":"if","locations":[{"start":{"line":23,"column":4},"end":{"line":23,"column":82}},{"start":{"line":23,"column":4},"end":{"line":23,"column":82}}],"line":23},"4":{"loc":{"start":{"line":45,"column":4},"end":{"line":46,"column":91}},"type":"if","locations":[{"start":{"line":45,"column":4},"end":{"line":46,"column":91}},{"start":{"line":45,"column":4},"end":{"line":46,"column":91}}],"line":45},"5":{"loc":{"start":{"line":49,"column":4},"end":{"line":49,"column":82}},"type":"if","locations":[{"start":{"line":49,"column":4},"end":{"line":49,"column":82}},{"start":{"line":49,"column":4},"end":{"line":49,"column":82}}],"line":49},"6":{"loc":{"start":{"line":52,"column":4},"end":{"line":52,"column":90}},"type":"if","locations":[{"start":{"line":52,"column":4},"end":{"line":52,"column":90}},{"start":{"line":52,"column":4},"end":{"line":52,"column":90}}],"line":52}},"s":{"0":1,"1":1,"2":1,"3":3,"4":3,"5":3,"6":3,"7":3,"8":12,"9":10,"10":3,"11":1,"12":2,"13":2,"14":1,"15":1,"16":1,"17":0,"18":1,"19":4,"20":4,"21":4,"22":4,"23":4,"24":1,"25":3,"26":3,"27":1,"28":2,"29":2,"30":1,"31":1,"32":1,"33":1,"34":1,"35":0,"36":1},"f":{"0":3,"1":12,"2":4},"b":{"0":[10,2],"1":[12,4],"2":[1,2],"3":[1,1],"4":[1,3],"5":[1,2],"6":[1,1]},"_coverageSchema":"43e27e138ebf9cfc5966b082cf9a028302ed4184","hash":"6dd4070712e9da11628349dd64700944a12c8f06","contentHash":"53faa01568681fe3cc8d993fcfa34cdd8c76a6bc4ab630c3a4f7efc0c30bde41"},"C:\\Users\\andy\\Desktop\\Project\\server\\api\\controllers\\avatar-controller.js":{"path":"C:\\Users\\andy\\Desktop\\Project\\server\\api\\controllers\\avatar-controller.js","statementMap":{"0":{"start":{"line":1,"column":12},"end":{"line":1,"column":30}},"1":{"start":{"line":2,"column":15},"end":{"line":2,"column":32}},"2":{"start":{"line":3,"column":17},"end":{"line":3,"column":37}},"3":{"start":{"line":4,"column":17},"end":{"line":4,"column":48}},"4":{"start":{"line":6,"column":0},"end":{"line":10,"column":3}},"5":{"start":{"line":12,"column":11},"end":{"line":12,"column":23}},"6":{"start":{"line":14,"column":27},"end":{"line":49,"column":1}},"7":{"start":{"line":16,"column":21},"end":{"line":16,"column":95}},"8":{"start":{"line":17,"column":15},"end":{"line":17,"column":55}},"9":{"start":{"line":18,"column":17},"end":{"line":18,"column":32}},"10":{"start":{"line":20,"column":17},"end":{"line":27,"column":3}},"11":{"start":{"line":29,"column":31},"end":{"line":29,"column":58}},"12":{"start":{"line":31,"column":2},"end":{"line":38,"column":3}},"13":{"start":{"line":32,"column":22},"end":{"line":35,"column":5}},"14":{"start":{"line":37,"column":4},"end":{"line":37,"column":41}},"15":{"start":{"line":40,"column":2},"end":{"line":48,"column":5}},"16":{"start":{"line":41,"column":4},"end":{"line":41,"column":36}},"17":{"start":{"line":41,"column":13},"end":{"line":41,"column":36}},"18":{"start":{"line":42,"column":4},"end":{"line":47,"column":5}},"19":{"start":{"line":43,"column":26},"end":{"line":43,"column":132}},"20":{"start":{"line":44,"column":6},"end":{"line":44,"column":47}},"21":{"start":{"line":46,"column":6},"end":{"line":46,"column":33}},"22":{"start":{"line":51,"column":27},"end":{"line":97,"column":1}},"23":{"start":{"line":52,"column":2},"end":{"line":96,"column":3}},"24":{"start":{"line":53,"column":4},"end":{"line":53,"column":36}},"25":{"start":{"line":53,"column":22},"end":{"line":53,"column":36}},"26":{"start":{"line":55,"column":25},"end":{"line":67,"column":6}},"27":{"start":{"line":61,"column":10},"end":{"line":61,"column":48}},"28":{"start":{"line":64,"column":10},"end":{"line":64,"column":78}},"29":{"start":{"line":69,"column":19},"end":{"line":69,"column":48}},"30":{"start":{"line":71,"column":4},"end":{"line":93,"column":6}},"31":{"start":{"line":72,"column":6},"end":{"line":72,"column":56}},"32":{"start":{"line":72,"column":15},"end":{"line":72,"column":56}},"33":{"start":{"line":74,"column":6},"end":{"line":92,"column":7}},"34":{"start":{"line":75,"column":23},"end":{"line":75,"column":38}},"35":{"start":{"line":76,"column":28},"end":{"line":76,"column":139}},"36":{"start":{"line":78,"column":37},"end":{"line":78,"column":64}},"37":{"start":{"line":80,"column":8},"end":{"line":87,"column":9}},"38":{"start":{"line":81,"column":28},"end":{"line":84,"column":11}},"39":{"start":{"line":86,"column":10},"end":{"line":86,"column":47}},"40":{"start":{"line":89,"column":8},"end":{"line":89,"column":49}},"41":{"start":{"line":91,"column":8},"end":{"line":91,"column":35}},"42":{"start":{"line":95,"column":4},"end":{"line":95,"column":31}},"43":{"start":{"line":99,"column":0},"end":{"line":99,"column":60}}},"fnMap":{"0":{"name":"(anonymous_0)","decl":{"start":{"line":14,"column":27},"end":{"line":14,"column":28}},"loc":{"start":{"line":14,"column":46},"end":{"line":49,"column":1}},"line":14},"1":{"name":"(anonymous_1)","decl":{"start":{"line":37,"column":31},"end":{"line":37,"column":32}},"loc":{"start":{"line":37,"column":37},"end":{"line":37,"column":39}},"line":37},"2":{"name":"(anonymous_2)","decl":{"start":{"line":40,"column":20},"end":{"line":40,"column":21}},"loc":{"start":{"line":40,"column":41},"end":{"line":48,"column":3}},"line":40},"3":{"name":"(anonymous_3)","decl":{"start":{"line":51,"column":27},"end":{"line":51,"column":28}},"loc":{"start":{"line":51,"column":47},"end":{"line":97,"column":1}},"line":51},"4":{"name":"(anonymous_4)","decl":{"start":{"line":60,"column":18},"end":{"line":60,"column":19}},"loc":{"start":{"line":60,"column":37},"end":{"line":62,"column":9}},"line":60},"5":{"name":"(anonymous_5)","decl":{"start":{"line":63,"column":13},"end":{"line":63,"column":14}},"loc":{"start":{"line":63,"column":32},"end":{"line":65,"column":9}},"line":63},"6":{"name":"(anonymous_6)","decl":{"start":{"line":71,"column":21},"end":{"line":71,"column":22}},"loc":{"start":{"line":71,"column":34},"end":{"line":93,"column":5}},"line":71},"7":{"name":"(anonymous_7)","decl":{"start":{"line":86,"column":37},"end":{"line":86,"column":38}},"loc":{"start":{"line":86,"column":43},"end":{"line":86,"column":45}},"line":86}},"branchMap":{"0":{"loc":{"start":{"line":31,"column":2},"end":{"line":38,"column":3}},"type":"if","locations":[{"start":{"line":31,"column":2},"end":{"line":38,"column":3}},{"start":{"line":31,"column":2},"end":{"line":38,"column":3}}],"line":31},"1":{"loc":{"start":{"line":41,"column":4},"end":{"line":41,"column":36}},"type":"if","locations":[{"start":{"line":41,"column":4},"end":{"line":41,"column":36}},{"start":{"line":41,"column":4},"end":{"line":41,"column":36}}],"line":41},"2":{"loc":{"start":{"line":53,"column":4},"end":{"line":53,"column":36}},"type":"if","locations":[{"start":{"line":53,"column":4},"end":{"line":53,"column":36}},{"start":{"line":53,"column":4},"end":{"line":53,"column":36}}],"line":53},"3":{"loc":{"start":{"line":72,"column":6},"end":{"line":72,"column":56}},"type":"if","locations":[{"start":{"line":72,"column":6},"end":{"line":72,"column":56}},{"start":{"line":72,"column":6},"end":{"line":72,"column":56}}],"line":72},"4":{"loc":{"start":{"line":80,"column"
[...]
lumn":1}},"line":3}},"branchMap":{"0":{"loc":{"start":{"line":7,"column":4},"end":{"line":9,"column":5}},"type":"if","locations":[{"start":{"line":7,"column":4},"end":{"line":9,"column":5}},{"start":{"line":7,"column":4},"end":{"line":9,"column":5}}],"line":7},"1":{"loc":{"start":{"line":7,"column":8},"end":{"line":7,"column":76}},"type":"binary-expr","locations":[{"start":{"line":7,"column":8},"end":{"line":7,"column":38}},{"start":{"line":7,"column":42},"end":{"line":7,"column":76}}],"line":7}},"s":{"0":1,"1":1,"2":0,"3":0,"4":0,"5":0,"6":0,"7":0,"8":0},"f":{"0":0},"b":{"0":[0,0],"1":[0,0]},"_coverageSchema":"43e27e138ebf9cfc5966b082cf9a028302ed4184","hash":"c0dc7b844c97459fba7d5113d3f9af4599af337e","contentHash":"a0dae49d5288f1b09b71d1130b6d1ec2e80b90d3f70cc2e1078721b3427a3502"},"C:\\Users\\andy\\Desktop\\Project\\server\\passport\\passport-setup.js":{"path":"C:\\Users\\andy\\Desktop\\Project\\server\\passport\\passport-setup.js","statementMap":{"0":{"start":{"line":1,"column":17},"end":{"line":1,"column":36}},"1":{"start":{"line":2,"column":17},"end":{"line":2,"column":52}},"2":{"start":{"line":3,"column":23},"end":{"line":3,"column":61}},"3":{"start":{"line":4,"column":23},"end":{"line":4,"column":61}},"4":{"start":{"line":5,"column":25},"end":{"line":5,"column":65}},"5":{"start":{"line":7,"column":0},"end":{"line":9,"column":3}},"6":{"start":{"line":8,"column":2},"end":{"line":8,"column":22}},"7":{"start":{"line":11,"column":0},"end":{"line":16,"column":3}},"8":{"start":{"line":12,"column":2},"end":{"line":15,"column":6}},"9":{"start":{"line":14,"column":6},"end":{"line":14,"column":23}},"10":{"start":{"line":18,"column":0},"end":{"line":18,"column":30}},"11":{"start":{"line":20,"column":0},"end":{"line":20,"column":34}},"12":{"start":{"line":22,"column":0},"end":{"line":22,"column":30}}},"fnMap":{"0":{"name":"(anonymous_0)","decl":{"start":{"line":7,"column":23},"end":{"line":7,"column":24}},"loc":{"start":{"line":7,"column":39},"end":{"line":9,"column":1}},"line":7},"1":{"name":"(anonymous_1)","decl":{"start":{"line":11,"column":25},"end":{"line":11,"column":26}},"loc":{"start":{"line":11,"column":39},"end":{"line":16,"column":1}},"line":11},"2":{"name":"(anonymous_2)","decl":{"start":{"line":13,"column":10},"end":{"line":13,"column":11}},"loc":{"start":{"line":13,"column":18},"end":{"line":15,"column":5}},"line":13}},"branchMap":{},"s":{"0":1,"1":1,"2":1,"3":1,"4":1,"5":1,"6":0,"7":1,"8":0,"9":0,"10":1,"11":1,"12":1},"f":{"0":0,"1":0,"2":0},"b":{},"_coverageSchema":"43e27e138ebf9cfc5966b082cf9a028302ed4184","hash":"e324f8d89ec6ddb98e89b3caaa249a89598d73d8","contentHash":"bc517c01122fa7cd1726bfe80579d6eb6636720891f8c7a1ed41c10e51a9be63"},"C:\\Users\\andy\\Desktop\\Project\\server\\passport\\strategies\\googleStrategy.js":{"path":"C:\\Users\\andy\\Desktop\\Project\\server\\passport\\strategies\\googleStrategy.js","statementMap":{"0":{"start":{"line":1,"column":17},"end":{"line":1,"column":36}},"1":{"start":{"line":2,"column":23},"end":{"line":2,"column":66}},"2":{"start":{"line":3,"column":17},"end":{"line":3,"column":55}},"3":{"start":{"line":4,"column":23},"end":{"line":4,"column":56}},"4":{"start":{"line":5,"column":29},"end":{"line":5,"column":69}},"5":{"start":{"line":7,"column":0},"end":{"line":69,"column":2}},"6":{"start":{"line":19,"column":28},"end":{"line":21,"column":10}},"7":{"start":{"line":22,"column":8},"end":{"line":65,"column":9}},"8":{"start":{"line":23,"column":32},"end":{"line":25,"column":11}},"9":{"start":{"line":26,"column":30},"end":{"line":26,"column":35}},"10":{"start":{"line":28,"column":10},"end":{"line":50,"column":11}},"11":{"start":{"line":29,"column":33},"end":{"line":31,"column":14}},"12":{"start":{"line":33,"column":12},"end":{"line":49,"column":13}},"13":{"start":{"line":34,"column":14},"end":{"line":34,"column":70}},"14":{"start":{"line":36,"column":14},"end":{"line":47,"column":19}},"15":{"start":{"line":46,"column":18},"end":{"line":46,"column":38}},"16":{"start":{"line":48,"column":14},"end":{"line":48,"column":35}},"17":{"start":{"line":52,"column":10},"end":{"line":54,"column":11}},"18":{"start":{"line":53,"column":12},"end":{"line":53,"column":36}},"19":{"start":{"line":55,"column":10},"end":{"line":64,"column":11}},"20":{"start":{"line":56,"column":12},"end":{"line":58,"column":13}},"21":{"start":{"line":57,"column":14},"end":{"line":57,"column":48}},"22":{"start":{"line":59,"column":12},"end":{"line":61,"column":13}},"23":{"start":{"line":60,"column":14},"end":{"line":60,"column":58}},"24":{"start":{"line":62,"column":12},"end":{"line":62,"column":31}},"25":{"start":{"line":63,"column":12},"end":{"line":63,"column":36}}},"fnMap":{"0":{"name":"(anonymous_0)","decl":{"start":{"line":18,"column":6},"end":{"line":18,"column":7}},"loc":{"start":{"line":18,"column":58},"end":{"line":66,"column":7}},"line":18},"1":{"name":"(anonymous_1)","decl":{"start":{"line":45,"column":22},"end":{"line":45,"column":23}},"loc":{"start":{"line":45,"column":33},"end":{"line":47,"column":17}},"line":45}},"branchMap":{"0":{"loc":{"start":{"line":14,"column":11},"end":{"line":14,"column":60}},"type":"binary-expr","locations":[{"start":{"line":14,"column":11},"end":{"line":14,"column":33}},{"start":{"line":14,"column":37},"end":{"line":14,"column":60}}],"line":14},"1":{"loc":{"start":{"line":22,"column":8},"end":{"line":65,"column":9}},"type":"if","locations":[{"start":{"line":22,"column":8},"end":{"line":65,"column":9}},{"start":{"line":22,"column":8},"end":{"line":65,"column":9}}],"line":22},"2":{"loc":{"start":{"line":33,"column":12},"end":{"line":49,"column":13}},"type":"if","locations":[{"start":{"line":33,"column":12},"end":{"line":49,"column":13}},{"start":{"line":33,"column":12},"end":{"line":49,"column":13}}],"line":33},"3":{"loc":{"start":{"line":52,"column":10},"end":{"line":54,"column":11}},"type":"if","locations":[{"start":{"line":52,"column":10},"end":{"line":54,"column":11}},{"start":{"line":52,"column":10},"end":{"line":54,"column":11}}],"line":52},"4":{"loc":{"start":{"line":52,"column":14},"end":{"line":52,"column":55}},"type":"binary-expr","locations":[{"start":{"line":52,"column":14},"end":{"line":52,"column":34}},{"start":{"line":52,"column":38},"end":{"line":52,"column":55}}],"line":52},"5":{"loc":{"start":{"line":55,"column":10},"end":{"line":64,"column":11}},"type":"if","locations":[{"start":{"line":55,"column":10},"end":{"line":64,"column":11}},{"start":{"line":55,"column":10},"end":{"line":64,"column":11}}],"line":55},"6":{"loc":{"start":{"line":55,"column":14},"end":{"line":55,"column":57}},"type":"binary-expr","locations":[{"start":{"line":55,"column":14},"end":{"line":55,"column":35}},{"start":{"line":55,"column":39},"end":{"line":55,"column":57}}],"line":55},"7":{"loc":{"start":{"line":56,"column":12},"end":{"line":58,"column":13}},"type":"if","locations":[{"start":{"line":56,"column":12},"end":{"line":58,"column":13}},{"start":{"line":56,"column":12},"end":{"line":58,"column":13}}],"line":56},"8":{"loc":{"start":{"line":59,"column":12},"end":{"line":61,"column":13}},"type":"if","locations":[{"start":{"line":59,"column":12},"end":{"line":61,"column":13}},{"start":{"line":59,"column":12},"end":{"line":61,"column":13}}],"line":59}},"s":{"0":1,"1":1,"2":1,"3":1,"4":1,"5":1,"6":0,"7":0,"8":0,"9":0,"10":0,"11":0,"12":0,"13":0,"14":0,"15":0,"16":0,"17":0,"18":0,"19":0,"20":0,"21":0,"22":0,"23":0,"24":0,"25":0},"f":{"0":0,"1":0},"b":{"0":[1,1],"1":[0,0],"2":[0,0],"3":[0,0],"4":[0,0],"5":[0,0],"6":[0,0],"7":[0,0],"8":[0,0]},"_coverageSchema":"43e27e138ebf9cfc5966b082cf9a028302ed4184","hash":"55a8add1bce9f5febe6033c8622867f617255efb","contentHash":"37680fe3d04b187dc2ebefb0ed0e6b38e8f40793147b15ad8a15084ddcba6111"},"C:\\Users\\andy\\Desktop\\Project\\server\\passport\\tools\\usernameCheck.js":{"path":"C:\\Users\\andy\\Desktop\\Project\\server\\passport\\tools\\usernameCheck.js","statementMap":{"0":{"start":{"line":1,"column":35},"end":{"line":1,"column":61}},"1":{"start":{"line":3,"column":22},"end":{"line":10,"column":1}},"2":{"start":{"line":4,"column":24},"end":{"line":4,"column":50}},"3":{"start":{"line":5,"column":2},"end":{"line":8,"column":5}},"4":{"start":{"line":9,"column":2},"end":{"line":9,"column":25}},"5":{"start":{"line":12,"column":18},"end":{"line":14,"column":1}},"6":{"start":{"line":13,"column":2},"end":{"line":13,"column":29}},"7":{"start":{"line":16,"column":0},"end":{"line":16,"column":46}}},"fnMap":{"0":{"name":"(anonymous_0)","decl":{"start":{"line":3,"column":22},"end":{"line":3,"column":23}},"loc":{"start":{"line":3,"column":37},"end":{"line":10,"column":1}},"line":3},"1":{"name":"(anonymous_1)","decl":{"start":{"line":12,"column":18},"end":{"line":12,"column":19}},"loc":{"start":{"line":12,"column":26},"end":{"line":14,"column":1}},"line":12}},"branchMap":{},"s":{"0":1,"1":1,"2":0,"3":0,"4":0,"5":1,"6":0,"7":1},"f":{"0":0,"1":0},"b":{},"_coverageSchema":"43e27e138ebf9cfc5966b082cf9a028302ed4184","hash":"216154ddc9b2f97d106c5d0b56e3bf2b33aacb71","contentHash":"533f2b550c4800c10b0c29e34f5710ab9009b3fbbe25dc0253d9b76abd9f515d"},"C:\\Users\\andy\\Desktop\\Project\\server\\passport\\tools\\uniqueUsernameSearch.js":{"path":"C:\\Users\\andy\\Desktop\\Project\\server\\passport\\tools\\uniqueUsernameSearch.js","statementMap":{"0":{"start":{"line":1,"column":0},"end":{"line":13,"column":1}},"1":{"start":{"line":2,"column":18},"end":{"line":2,"column":26}},"2":{"start":{"line":4,"column":2},"end":{"line":10,"column":3}},"3":{"start":{"line":5,"column":24},"end":{"line":5,"column":54}},"4":{"start":{"line":6,"column":4},"end":{"line":6,"column":49}},"5":{"start":{"line":7,"column":4},"end":{"line":7,"column":70}},"6":{"start":{"line":9,"column":4},"end":{"line":9,"column":42}},"7":{"start":{"line":12,"column":2},"end":{"line":12,"column":25}}},"fnMap":{"0":{"name":"(anonymous_0)","decl":{"start":{"line":1,"column":17},"end":{"line":1,"column":18}},"loc":{"start":{"line":1,"column":38},"end":{"line":13,"column":1}},"line":1}},"branchMap":{"0":{"loc":{"start":{"line":4,"column":2},"end":{"line":10,"column":3}},"type":"if","locations":[{"start":{"line":4,"column":2},"end":{"line":10,"column":3}},{"start":{"line":4,"column":2},"end":{"line":10,"column":3}}],"line":4}},"s":{"0":1,"1":0,"2":0,"3":0,"4":0,"5":0,"6":0,"7":0},"f":{"0":0},"b":{"0":[0,0]},"_coverageSchema":"43e27e138ebf9cfc5966b082cf9a028302ed4184","hash":"3ad045e2618faf7b6f695349a52bc9f3b7d4cda4","contentHash":"eeba9446f6bc4b813708d2b7066283f8a2927f42cdd3444bf44c9f4d57fc855b"},"C:\\Users\\andy\\Desktop\\Project\\server\\passport\\strategies\\githubStrategy.js":{"path":"C:\\Users\\andy\\Desktop\\Project\\server\\passport\\strategies\\githubStrategy.js","statementMap":{"0":{"start":{"line":1,"column":17},"end":{"line":1,"column":36}},"1":{"start":{"line":2,"column":23},"end":{"line":2,"column":59}},"2":{"start":{"line":3,"column":17},"end":{"line":3,"column":55}},"3":{"start":{"line":4,"column":23},"end":{"line":4,"column":56}},"4":{"start":{"line":5,"column":29},"end":{"line":5,"column":69}},"5":{"start":{"line":7,"column":0},"end":{"line":69,"column":2}},"6":{"start":{"line":18,"column":28},"end":{"line":20,"column":10}},"7":{"start":{"line":22,"column":8},"end":{"line":65,"column":9}},"8":{"start":{"line":23,"column":32},"end":{"line":25,"column":11}},"9":{"start":{"line":26,"column":30},"end":{"line":26,"column":35}},"10":{"start":{"line":28,"column":10},"end":{"line":50,"column":11}},"11":{"start":{"line":29,"column":33},"end":{"line":31,"column":14}},"12":{"start":{"line":33,"column":12},"end":{"line":49,"column":13}},"13":{"start":{"line":34,"column":14},"end":{"line":34,"column":70}},"14":{"start":{"line":36,"column":14},"end":{"line":47,"column":19}},"15":{"start":{"line":46,"column":18},"end":{"line":46,"column":38}},"16":{"start":{"line":48,"column":14},"end":{"line":48,"column":35}},"17":{"start":{"line":52,"column":10},"end":{"line":54,"column":11}},"18":{"start":{"line":53,"column":12},"end":{"line":53,"column":36}},"19":{"start":{"line":55,"column":10},"end":{"line":64,"column":11}},"20":{"start":{"line":56,"column":12},"end":{"line":58,"column":13}},"21":{"start":{"line":57,"column":14},"end":{"line":57,"column":48}},"22":{"start":{"line":59,"column":12},"end":{"line":61,"column":13}},"23":{"start":{"line":60,"column":14},"end":{"line":60,"column":58}},"24":{"start":{"line":62,"column":12},"end":{"line":62,"column":31}},"25":{"start":{"line":63,"column":12},"end":{"line":63,"column":36}}},"fnMap":{"0":{"name":"(anonymous_0)","decl":{"start":{"line":17,"column":6},"end":{"line":17,"column":7}},"loc":{"start":{"line":17,"column":58},"end":{"line":66,"column":7}},"line":17},"1":{"name":"(anonymous_1)","decl":{"start":{"line":45,"column":22},"end":{"line":45,"column":23}},"loc":{"start":{"line":45,"column":33},"end":{"line":47,"column":17}},"line":45}},"branchMap":{"0":{"loc":{"start":{"line":22,"column":8},"end":{"line":65,"column":9}},"type":"if","locations":[{"start":{"line":22,"column":8},"end":{"line":65,"column":9}},{"start":{"line":22,"column":8},"end":{"line":65,"column":9}}],"line":22},"1":{"loc":{"start":{"line":33,"column":12},"end":{"line":49,"column":13}},"type":"if","locations":[{"start":{"line":33,"column":12},"end":{"line":49,"column":13}},{"start":{"line":33,"column":12},"end":{"line":49,"column":13}}],"line":33},"2":{"loc":{"start":{"line":52,"column":10},"end":{"line":54,"column":11}},"type":"if","locations":[{"start":{"line":52,"column":10},"end":{"line":54,"column":11}},{"start":{"line":52,"column":10},"end":{"line":54,"column":11}}],"line":52},"3":{"loc":{"start":{"line":52,"column":14},"end":{"line":52,"column":55}},"type":"binary-expr","locations":[{"start":{"line":52,"column":14},"end":{"line":52,"column":34}},{"start":{"line":52,"column":38},"end":{"line":52,"column":55}}],"line":52},"4":{"loc":{"start":{"line":55,"column":10},"end":{"line":64,"column":11}},"type":"if","locations":[{"start":{"line":55,"column":10},"end":{"line":64,"column":11}},{"start":{"line":55,"column":10},"end":{"line":64,"column":11}}],"line":55},"5":{"loc":{"start":{"line":55,"column":14},"end":{"line":55,"column":57}},"type":"binary-expr","locations":[{"start":{"line":55,"column":14},"end":{"line":55,"column":35}},{"start":{"line":55,"column":39},"end":{"line":55,"column":57}}],"line":55},"6":{"loc":{"start":{"line":56,"column":12},"end":{"line":58,"column":13}},"type":"if","locations":[{"start":{"line":56,"column":12},"end":{"line":58,"column":13}},{"start":{"line":56,"column":12},"end":{"line":58,"column":13}}],"line":56},"7":{"loc":{"start":{"line":59,"column":12},"end":{"line":61,"column":13}},"type":"if","locations":[{"start":{"line":59,"column":12},"end":{"line":61,"column":13}},{"start":{"line":59,"column":12},"end":{"line":61,"column":13}}],"line":59}},"s":{"0":1,"1":1,"2":1,"3":1,"4":1,"5":1,"6":0,"7":0,"8":0,"9":0,"10":0,"11":0,"12":0,"13":0,"14":0,"15":0,"16":0,"17":0,"18":0,"19":0,"20":0,"21":0,"22":0,"23":0,"24":0,"25":0},"f":{"0":0,"1":0},"b":{"0":[0,0],"1":[0,0],"2":[0,0],"3":[0,0],"4":[0,0],"5":[0,0],"6":[0,0],"7":[0,0]},"_coverageSchema":"43e27e138ebf9cfc5966b082cf9a028302ed4184","hash":"389830842d33698d952bf4ec6de1642522942123","contentHash":"9fe123bbe01aa284806fbcdfc2b1275038d6b4248fca1ab3741ee7ca471ec738"},"C:\\Users\\andy\\Desktop\\Project\\server\\passport\\strategies\\facebookStrategy.js":{"path":"C:\\Users\\andy\\Desktop\\Project\\server\\passport\\strategies\\facebookStrategy.js","statementMap":{"0":{"start":{"line":1,"column":17},"end":{"line":1,"column":36}},"1":{"start":{"line":2,"column":25},"end":{"line":2,"column":62}},"2":{"start":{"line":3,"column":17},"end":{"line":3,"column":55}},"3":{"start":{"line":4,"column":23},"end":{"line":4,"column":56}},"4":{"start":{"line":5,"column":29},"end":{"line":5,"column":69}},"5":{"start":{"line":7,"column":0},"end":{"line":69,"column":2}},"6":{"start":{"line":18,"column":28},"end":{"line":20,"column":10}},"7":{"start":{"line":22,"column":8},"end":{"line":65,"column":9}},"8":{"start":{"line":23,"column":32},"end":{"line":25,"column":11}},"9":{"start":{"line":26,"column":30},"end":{"line":26,"column":35}},"10":{"start":{"line":28,"column":10},"end":{"line":50,"column":11}},"11":{"start":{"line":29,"column":33},"end":{"line":31,"column":14}},"12":{"start":{"line":33,"column":12},"end":{"line":49,"column":13}},"13":{"start":{"line":34,"column":14},"end":{"line":34,"column":70}},"14":{"start":{"line":36,"column":14},"end":{"line":47,"column":19}},"15":{"start":{"line":46,"column":18},"end":{"line":46,"column":38}},"16":{"start":{"line":48,"column":14},"end":{"line":48,"column":35}},"17":{"start":{"line":52,"column":10},"end":{"line":54,"column":11}},"18":{"start":{"line":53,"column":12},"end":{"line":53,"column":36}},"19":{"start":{"line":55,"column":10},"end":{"line":64,"column":11}},"20":{"start":{"line":56,"column":12},"end":{"line":58,"column":13}},"21":{"start":{"line":57,"column":14},"end":{"line":57,"column":50}},"22":{"start":{"line":59,"column":12},"end":{"line":61,"column":13}},"23":{"start":{"line":60,"column":14},"end":{"line":60,"column":58}},"24":{"start":{"line":62,"column":12},"end":{"line":62,"column":31}},"25":{"start":{"line":63,"column":12},"end":{"line":63,"column":36}}},"fnMap":{"0":{"name":"(anonymous_0)","decl":{"start":{"line":17,"column":6},"end":{"line":17,"column":7}},"loc":{"start":{"line":17,"column":58},"end":{"line":66,"column":7}},"line":17},"1":{"name":"(anonymous_1)","decl":{"start":{"line":45,"column":22},"end":{"line":45,"column":23}},"loc":{"start":{"line":45,"column":33},"end":{"line":47,"column":17}},"line":45}},"branchMap":{"0":{"loc":{"start":{"line":22,"column":8},"end":{"line":65,"column":9}},"type":"if","locations":[{"start":{"line":22,"column":8},"end":{"line":65,"column":9}},{"start":{"line":22,"column":8},"end":{"line":65,"column":9}}],"line":22},"1":{"loc":{"start":{"line":33,"column":12},"end":{"line":49,"column":13}},"type":"if","locations":[{"start":{"line":33,"column":12},"end":{"line":49,"column":13}},{"start":{"line":33,"column":12},"end":{"line":49,"column":13}}],"line":33},"2":{"loc":{"start":{"line":52,"column":10},"end":{"line":54,"column":11}},"type":"if","locations":[{"start":{"line":52,"column":10},"end":{"line":54,"column":11}},{"start":{"line":52,"column":10},"end":{"line":54,"column":11}}],"line":52},"3":{"loc":{"start":{"line":52,"column":14},"end":{"line":52,"column":57}},"type":"binary-expr","locations":[{"start":{"line":52,"column":14},"end":{"line":52,"column":36}},{"start":{"line":52,"column":40},"end":{"line":52,"column":57}}],"line":52},"4":{"loc":{"start":{"line":55,"column":10},"end":{"line":64,"column":11}},"type":"if","locations":[{"start":{"line":55,"column":10},"end":{"line":64,"column":11}},{"start":{"line":55,"column":10},"end":{"line":64,"column":11}}],"line":55},"5":{"loc":{"start":{"line":55,"column":14},"end":{"line":55,"column":59}},"type":"binary-expr","locations":[{"start":{"line":55,"column":14},"end":{"line":55,"column":37}},{"start":{"line":55,"column":41},"end":{"line":55,"column":59}}],"line":55},"6":{"loc":{"start":{"line":56,"column":12},"end":{"line":58,"column":13}},"type":"if","locations":[{"start":{"line":56,"column":12},"end":{"line":58,"column":13}},{"start":{"line":56,"column":12},"end":{"line":58,"column":13}}],"line":56},"7":{"loc":{"start":{"line":59,"column":12},"end":{"line":61,"column":13}},"type":"if","locations":[{"start":{"line":59,"column":12},"end":{"line":61,"column":13}},{"start":{"line":59,"column":12},"end":{"line":61,"column":13}}],"line":59}},"s":{"0":1,"1":1,"2":1,"3":1,"4":1,"5":1,"6":0,"7":0,"8":0,"9":0,"10":0,"11":0,"12":0,"13":0,"14":0,"15":0,"16":0,"17":0,"18":0,"19":0,"20":0,"21":0,"22":0,"23":0,"24":0,"25":0},"f":{"0":0,"1":0},"b":{"0":[0,0],"1":[0,0],"2":[0,0],"3":[0,0],"4":[0,0],"5":[0,0],"6":[0,0],"7":[0,0]},"_coverageSchema":"43e27e138ebf9cfc5966b082cf9a028302ed4184","hash":"e87640628ca7b82515f6021aad2dafa6b55f9882","contentHash":"0035637fe57755dab0cf6dc7378a825f9719230f79aefa598b72de43e021b661"}}